[2025-02-08 12:44:48] production.ERROR: No application encryption key has been specified. {"exception":"[object] (Illuminate\\Encryption\\MissingAppKeyException(code: 0): No application encryption key has been specified. at D:\\Laravel\\Laravel-git\\vezbanje\\vendor\\laravel\\framework\\src\\Illuminate\\Encryption\\EncryptionServiceProvider.php:83)
[stacktrace]
#0 D:\\Laravel\\Laravel-git\\vezbanje\\vendor\\laravel\\framework\\src\\Illuminate\\Support\\helpers.php(399): Illuminate\\Encryption\\EncryptionServiceProvider->Illuminate\\Encryption\\{closure}()
#1 D:\\Laravel\\Laravel-git\\vezbanje\\vendor\\laravel\\framework\\src\\Illuminate\\Encryption\\EncryptionServiceProvider.php(81): tap()
#2 D:\\Laravel\\Laravel-git\\vezbanje\\vendor\\laravel\\framework\\src\\Illuminate\\Encryption\\EncryptionServiceProvider.php(64): Illuminate\\Encryption\\EncryptionServiceProvider->key()
#3 D:\\Laravel\\Laravel-git\\vezbanje\\vendor\\laravel\\framework\\src\\Illuminate\\Encryption\\EncryptionServiceProvider.php(32): Illuminate\\Encryption\\EncryptionServiceProvider->parseKey()
#4 D:\\Laravel\\Laravel-git\\vezbanje\\vendor\\laravel\\framework\\src\\Illuminate\\Container\\Container.php(937): Illuminate\\Encryption\\EncryptionServiceProvider->Illuminate\\Encryption\\{closure}()
#5 D:\\Laravel\\Laravel-git\\vezbanje\\vendor\\laravel\\framework\\src\\Illuminate\\Container\\Container.php(819): Illuminate\\Container\\Container->build()
#6 D:\\Laravel\\Laravel-git\\vezbanje\\vendor\\laravel\\framework\\src\\Illuminate\\Foundation\\Application.php(1074): Illuminate\\Container\\Container->resolve()
#7 D:\\Laravel\\Laravel-git\\vezbanje\\vendor\\laravel\\framework\\src\\Illuminate\\Container\\Container.php(755): Illuminate\\Foundation\\Application->resolve()
#8 D:\\Laravel\\Laravel-git\\vezbanje\\vendor\\laravel\\framework\\src\\Illuminate\\Foundation\\Application.php(1056): Illuminate\\Container\\Container->make()
#9 D:\\Laravel\\Laravel-git\\vezbanje\\vendor\\laravel\\framework\\src\\Illuminate\\Container\\Container.php(1118): Illuminate\\Foundation\\Application->make()
#10 D:\\Laravel\\Laravel-git\\vezbanje\\vendor\\laravel\\framework\\src\\Illuminate\\Container\\Container.php(1028): Illuminate\\Container\\Container->resolveClass()
#11 D:\\Laravel\\Laravel-git\\vezbanje\\vendor\\laravel\\framework\\src\\Illuminate\\Container\\Container.php(979): Illuminate\\Container\\Container->resolveDependencies()
#12 D:\\Laravel\\Laravel-git\\vezbanje\\vendor\\laravel\\framework\\src\\Illuminate\\Container\\Container.php(819): Illuminate\\Container\\Container->build()
#13 D:\\Laravel\\Laravel-git\\vezbanje\\vendor\\laravel\\framework\\src\\Illuminate\\Foundation\\Application.php(1074): Illuminate\\Container\\Container->resolve()
#14 D:\\Laravel\\Laravel-git\\vezbanje\\vendor\\laravel\\framework\\src\\Illuminate\\Container\\Container.php(755): Illuminate\\Foundation\\Application->resolve()
#15 D:\\Laravel\\Laravel-git\\vezbanje\\vendor\\laravel\\framework\\src\\Illuminate\\Foundation\\Application.php(1056): Illuminate\\Container\\Container->make()
#16 D:\\Laravel\\Laravel-git\\vezbanje\\vendor\\laravel\\framework\\src\\Illuminate\\Pipeline\\Pipeline.php(198): Illuminate\\Foundation\\Application->make()
#17 D:\\Laravel\\Laravel-git\\vezbanje\\vendor\\laravel\\framework\\src\\Illuminate\\Pipeline\\Pipeline.php(127): Illuminate\\Pipeline\\Pipeline->Illuminate\\Pipeline\\{closure}()
#18 D:\\Laravel\\Laravel-git\\vezbanje\\vendor\\laravel\\framework\\src\\Illuminate\\Routing\\Router.php(807): Illuminate\\Pipeline\\Pipeline->then()
#19 D:\\Laravel\\Laravel-git\\vezbanje\\vendor\\laravel\\framework\\src\\Illuminate\\Routing\\Router.php(786): Illuminate\\Routing\\Router->runRouteWithinStack()
#20 D:\\Laravel\\Laravel-git\\vezbanje\\vendor\\laravel\\framework\\src\\Illuminate\\Routing\\Router.php(750): Illuminate\\Routing\\Router->runRoute()
#21 D:\\Laravel\\Laravel-git\\vezbanje\\vendor\\laravel\\framework\\src\\Illuminate\\Routing\\Router.php(739): Illuminate\\Routing\\Router->dispatchToRoute()
#22 D:\\Laravel\\Laravel-git\\vezbanje\\vendor\\laravel\\framework\\src\\Illuminate\\Foundation\\Http\\Kernel.php(201): Illuminate\\Routing\\Router->dispatch()
#23 D:\\Laravel\\Laravel-git\\vezbanje\\vendor\\laravel\\framework\\src\\Illuminate\\Pipeline\\Pipeline.php(170): Illuminate\\Foundation\\Http\\Kernel->Illuminate\\Foundation\\Http\\{closure}()
#24 D:\\Laravel\\Laravel-git\\vezbanje\\vendor\\laravel\\framework\\src\\Illuminate\\Foundation\\Http\\Middleware\\TransformsRequest.php(21): Illuminate\\Pipeline\\Pipeline->Illuminate\\Pipeline\\{closure}()
#25 D:\\Laravel\\Laravel-git\\vezbanje\\vendor\\laravel\\framework\\src\\Illuminate\\Foundation\\Http\\Middleware\\ConvertEmptyStringsToNull.php(31): Illuminate\\Foundation\\Http\\Middleware\\TransformsRequest->handle()
#26 D:\\Laravel\\Laravel-git\\vezbanje\\vendor\\laravel\\framework\\src\\Illuminate\\Pipeline\\Pipeline.php(209): Illuminate\\Foundation\\Http\\Middleware\\ConvertEmptyStringsToNull->handle()
#27 D:\\Laravel\\Laravel-git\\vezbanje\\vendor\\laravel\\framework\\src\\Illuminate\\Foundation\\Http\\Middleware\\TransformsRequest.php(21): Illuminate\\Pipeline\\Pipeline->Illuminate\\Pipeline\\{closure}()
#28 D:\\Laravel\\Laravel-git\\vezbanje\\vendor\\laravel\\framework\\src\\Illuminate\\Foundation\\Http\\Middleware\\TrimStrings.php(51): Illuminate\\Foundation\\Http\\Middleware\\TransformsRequest->handle()
#29 D:\\Laravel\\Laravel-git\\vezbanje\\vendor\\laravel\\framework\\src\\Illuminate\\Pipeline\\Pipeline.php(209): Illuminate\\Foundation\\Http\\Middleware\\TrimStrings->handle()
#30 D:\\Laravel\\Laravel-git\\vezbanje\\vendor\\laravel\\framework\\src\\Illuminate\\Http\\Middleware\\ValidatePostSize.php(27): Illuminate\\Pipeline\\Pipeline->Illuminate\\Pipeline\\{closure}()
#31 D:\\Laravel\\Laravel-git\\vezbanje\\vendor\\laravel\\framework\\src\\Illuminate\\Pipeline\\Pipeline.php(209): Illuminate\\Http\\Middleware\\ValidatePostSize->handle()
#32 D:\\Laravel\\Laravel-git\\vezbanje\\vendor\\laravel\\framework\\src\\Illuminate\\Foundation\\Http\\Middleware\\PreventRequestsDuringMaintenance.php(110): Illuminate\\Pipeline\\Pipeline->Illuminate\\Pipeline\\{closure}()
#33 D:\\Laravel\\Laravel-git\\vezbanje\\vendor\\laravel\\framework\\src\\Illuminate\\Pipeline\\Pipeline.php(209): Illuminate\\Foundation\\Http\\Middleware\\PreventRequestsDuringMaintenance->handle()
#34 D:\\Laravel\\Laravel-git\\vezbanje\\vendor\\laravel\\framework\\src\\Illuminate\\Http\\Middleware\\HandleCors.php(49): Illuminate\\Pipeline\\Pipeline->Illuminate\\Pipeline\\{closure}()
#35 D:\\Laravel\\Laravel-git\\vezbanje\\vendor\\laravel\\framework\\src\\Illuminate\\Pipeline\\Pipeline.php(209): Illuminate\\Http\\Middleware\\HandleCors->handle()
#36 D:\\Laravel\\Laravel-git\\vezbanje\\vendor\\laravel\\framework\\src\\Illuminate\\Http\\Middleware\\TrustProxies.php(58): Illuminate\\Pipeline\\Pipeline->Illuminate\\Pipeline\\{closure}()
#37 D:\\Laravel\\Laravel-git\\vezbanje\\vendor\\laravel\\framework\\src\\Illuminate\\Pipeline\\Pipeline.php(209): Illuminate\\Http\\Middleware\\TrustProxies->handle()
#38 D:\\Laravel\\Laravel-git\\vezbanje\\vendor\\laravel\\framework\\src\\Illuminate\\Foundation\\Http\\Middleware\\InvokeDeferredCallbacks.php(22): Illuminate\\Pipeline\\Pipeline->Illuminate\\Pipeline\\{closure}()
#39 D:\\Laravel\\Laravel-git\\vezbanje\\vendor\\laravel\\framework\\src\\Illuminate\\Pipeline\\Pipeline.php(209): Illuminate\\Foundation\\Http\\Middleware\\InvokeDeferredCallbacks->handle()
#40 D:\\Laravel\\Laravel-git\\vezbanje\\vendor\\laravel\\framework\\src\\Illuminate\\Pipeline\\Pipeline.php(127): Illuminate\\Pipeline\\Pipeline->Illuminate\\Pipeline\\{closure}()
#41 D:\\Laravel\\Laravel-git\\vezbanje\\vendor\\laravel\\framework\\src\\Illuminate\\Foundation\\Http\\Kernel.php(176): Illuminate\\Pipeline\\Pipeline->then()
#42 D:\\Laravel\\Laravel-git\\vezbanje\\vendor\\laravel\\framework\\src\\Illuminate\\Foundation\\Http\\Kernel.php(145): Illuminate\\Foundation\\Http\\Kernel->sendRequestThroughRouter()
#43 D:\\Laravel\\Laravel-git\\vezbanje\\vendor\\laravel\\framework\\src\\Illuminate\\Foundation\\Application.php(1216): Illuminate\\Foundation\\Http\\Kernel->handle()
#44 D:\\Laravel\\Laravel-git\\vezbanje\\public\\index.php(17): Illuminate\\Foundation\\Application->handleRequest()
#45 D:\\Laravel\\Laravel-git\\vezbanje\\vendor\\laravel\\framework\\src\\Illuminate\\Foundation\\resources\\server.php(23): require_once('...')
#46 {main}
"} 
[2025-02-08 12:44:49] production.ERROR: No application encryption key has been specified. {"exception":"[object] (Illuminate\\Encryption\\MissingAppKeyException(code: 0): No application encryption key has been specified. at D:\\Laravel\\Laravel-git\\vezbanje\\vendor\\laravel\\framework\\src\\Illuminate\\Encryption\\EncryptionServiceProvider.php:83)
[stacktrace]
#0 D:\\Laravel\\Laravel-git\\vezbanje\\vendor\\laravel\\framework\\src\\Illuminate\\Support\\helpers.php(399): Illuminate\\Encryption\\EncryptionServiceProvider->Illuminate\\Encryption\\{closure}()
#1 D:\\Laravel\\Laravel-git\\vezbanje\\vendor\\laravel\\framework\\src\\Illuminate\\Encryption\\EncryptionServiceProvider.php(81): tap()
#2 D:\\Laravel\\Laravel-git\\vezbanje\\vendor\\laravel\\framework\\src\\Illuminate\\Encryption\\EncryptionServiceProvider.php(64): Illuminate\\Encryption\\EncryptionServiceProvider->key()
#3 D:\\Laravel\\Laravel-git\\vezbanje\\vendor\\laravel\\framework\\src\\Illuminate\\Encryption\\EncryptionServiceProvider.php(32): Illuminate\\Encryption\\EncryptionServiceProvider->parseKey()
#4 D:\\Laravel\\Laravel-git\\vezbanje\\vendor\\laravel\\framework\\src\\Illuminate\\Container\\Container.php(937): Illuminate\\Encryption\\EncryptionServiceProvider->Illuminate\\Encryption\\{closure}()
#5 D:\\Laravel\\Laravel-git\\vezbanje\\vendor\\laravel\\framework\\src\\Illuminate\\Container\\Container.php(819): Illuminate\\Container\\Container->build()
#6 D:\\Laravel\\Laravel-git\\vezbanje\\vendor\\laravel\\framework\\src\\Illuminate\\Foundation\\Application.php(1074): Illuminate\\Container\\Container->resolve()
#7 D:\\Laravel\\Laravel-git\\vezbanje\\vendor\\laravel\\framework\\src\\Illuminate\\Container\\Container.php(755): Illuminate\\Foundation\\Application->resolve()
#8 D:\\Laravel\\Laravel-git\\vezbanje\\vendor\\laravel\\framework\\src\\Illuminate\\Foundation\\Application.php(1056): Illuminate\\Container\\Container->make()
#9 D:\\Laravel\\Laravel-git\\vezbanje\\vendor\\laravel\\framework\\src\\Illuminate\\Container\\Container.php(1118): Illuminate\\Foundation\\Application->make()
#10 D:\\Laravel\\Laravel-git\\vezbanje\\vendor\\laravel\\framework\\src\\Illuminate\\Container\\Container.php(1028): Illuminate\\Container\\Container->resolveClass()
#11 D:\\Laravel\\Laravel-git\\vezbanje\\vendor\\laravel\\framework\\src\\Illuminate\\Container\\Container.php(979): Illuminate\\Container\\Container->resolveDependencies()
#12 D:\\Laravel\\Laravel-git\\vezbanje\\vendor\\laravel\\framework\\src\\Illuminate\\Container\\Container.php(819): Illuminate\\Container\\Container->build()
#13 D:\\Laravel\\Laravel-git\\vezbanje\\vendor\\laravel\\framework\\src\\Illuminate\\Foundation\\Application.php(1074): Illuminate\\Container\\Container->resolve()
#14 D:\\Laravel\\Laravel-git\\vezbanje\\vendor\\laravel\\framework\\src\\Illuminate\\Container\\Container.php(755): Illuminate\\Foundation\\Application->resolve()
#15 D:\\Laravel\\Laravel-git\\vezbanje\\vendor\\laravel\\framework\\src\\Illuminate\\Foundation\\Application.php(1056): Illuminate\\Container\\Container->make()
#16 D:\\Laravel\\Laravel-git\\vezbanje\\vendor\\laravel\\framework\\src\\Illuminate\\Foundation\\Http\\Kernel.php(258): Illuminate\\Foundation\\Application->make()
#17 D:\\Laravel\\Laravel-git\\vezbanje\\vendor\\laravel\\framework\\src\\Illuminate\\Foundation\\Http\\Kernel.php(216): Illuminate\\Foundation\\Http\\Kernel->terminateMiddleware()
#18 D:\\Laravel\\Laravel-git\\vezbanje\\vendor\\laravel\\framework\\src\\Illuminate\\Foundation\\Application.php(1218): Illuminate\\Foundation\\Http\\Kernel->terminate()
#19 D:\\Laravel\\Laravel-git\\vezbanje\\public\\index.php(17): Illuminate\\Foundation\\Application->handleRequest()
#20 D:\\Laravel\\Laravel-git\\vezbanje\\vendor\\laravel\\framework\\src\\Illuminate\\Foundation\\resources\\server.php(23): require_once('...')
#21 {main}
"} 
[2025-02-08 12:44:52] production.ERROR: No application encryption key has been specified. {"exception":"[object] (Illuminate\\Encryption\\MissingAppKeyException(code: 0): No application encryption key has been specified. at D:\\Laravel\\Laravel-git\\vezbanje\\vendor\\laravel\\framework\\src\\Illuminate\\Encryption\\EncryptionServiceProvider.php:83)
[stacktrace]
#0 D:\\Laravel\\Laravel-git\\vezbanje\\vendor\\laravel\\framework\\src\\Illuminate\\Support\\helpers.php(399): Illuminate\\Encryption\\EncryptionServiceProvider->Illuminate\\Encryption\\{closure}()
#1 D:\\Laravel\\Laravel-git\\vezbanje\\vendor\\laravel\\framework\\src\\Illuminate\\Encryption\\EncryptionServiceProvider.php(81): tap()
#2 D:\\Laravel\\Laravel-git\\vezbanje\\vendor\\laravel\\framework\\src\\Illuminate\\Encryption\\EncryptionServiceProvider.php(64): Illuminate\\Encryption\\EncryptionServiceProvider->key()
#3 D:\\Laravel\\Laravel-git\\vezbanje\\vendor\\laravel\\framework\\src\\Illuminate\\Encryption\\EncryptionServiceProvider.php(32): Illuminate\\Encryption\\EncryptionServiceProvider->parseKey()
#4 D:\\Laravel\\Laravel-git\\vezbanje\\vendor\\laravel\\framework\\src\\Illuminate\\Container\\Container.php(937): Illuminate\\Encryption\\EncryptionServiceProvider->Illuminate\\Encryption\\{closure}()
#5 D:\\Laravel\\Laravel-git\\vezbanje\\vendor\\laravel\\framework\\src\\Illuminate\\Container\\Container.php(819): Illuminate\\Container\\Container->build()
#6 D:\\Laravel\\Laravel-git\\vezbanje\\vendor\\laravel\\framework\\src\\Illuminate\\Foundation\\Application.php(1074): Illuminate\\Container\\Container->resolve()
#7 D:\\Laravel\\Laravel-git\\vezbanje\\vendor\\laravel\\framework\\src\\Illuminate\\Container\\Container.php(755): Illuminate\\Foundation\\Application->resolve()
#8 D:\\Laravel\\Laravel-git\\vezbanje\\vendor\\laravel\\framework\\src\\Illuminate\\Foundation\\Application.php(1056): Illuminate\\Container\\Container->make()
#9 D:\\Laravel\\Laravel-git\\vezbanje\\vendor\\laravel\\framework\\src\\Illuminate\\Container\\Container.php(1118): Illuminate\\Foundation\\Application->make()
#10 D:\\Laravel\\Laravel-git\\vezbanje\\vendor\\laravel\\framework\\src\\Illuminate\\Container\\Container.php(1028): Illuminate\\Container\\Container->resolveClass()
#11 D:\\Laravel\\Laravel-git\\vezbanje\\vendor\\laravel\\framework\\src\\Illuminate\\Container\\Container.php(979): Illuminate\\Container\\Container->resolveDependencies()
#12 D:\\Laravel\\Laravel-git\\vezbanje\\vendor\\laravel\\framework\\src\\Illuminate\\Container\\Container.php(819): Illuminate\\Container\\Container->build()
#13 D:\\Laravel\\Laravel-git\\vezbanje\\vendor\\laravel\\framework\\src\\Illuminate\\Foundation\\Application.php(1074): Illuminate\\Container\\Container->resolve()
#14 D:\\Laravel\\Laravel-git\\vezbanje\\vendor\\laravel\\framework\\src\\Illuminate\\Container\\Container.php(755): Illuminate\\Foundation\\Application->resolve()
#15 D:\\Laravel\\Laravel-git\\vezbanje\\vendor\\laravel\\framework\\src\\Illuminate\\Foundation\\Application.php(1056): Illuminate\\Container\\Container->make()
#16 D:\\Laravel\\Laravel-git\\vezbanje\\vendor\\laravel\\framework\\src\\Illuminate\\Pipeline\\Pipeline.php(198): Illuminate\\Foundation\\Application->make()
#17 D:\\Laravel\\Laravel-git\\vezbanje\\vendor\\laravel\\framework\\src\\Illuminate\\Pipeline\\Pipeline.php(127): Illuminate\\Pipeline\\Pipeline->Illuminate\\Pipeline\\{closure}()
#18 D:\\Laravel\\Laravel-git\\vezbanje\\vendor\\laravel\\framework\\src\\Illuminate\\Routing\\Router.php(807): Illuminate\\Pipeline\\Pipeline->then()
#19 D:\\Laravel\\Laravel-git\\vezbanje\\vendor\\laravel\\framework\\src\\Illuminate\\Routing\\Router.php(786): Illuminate\\Routing\\Router->runRouteWithinStack()
#20 D:\\Laravel\\Laravel-git\\vezbanje\\vendor\\laravel\\framework\\src\\Illuminate\\Routing\\Router.php(750): Illuminate\\Routing\\Router->runRoute()
#21 D:\\Laravel\\Laravel-git\\vezbanje\\vendor\\laravel\\framework\\src\\Illuminate\\Routing\\Router.php(739): Illuminate\\Routing\\Router->dispatchToRoute()
#22 D:\\Laravel\\Laravel-git\\vezbanje\\vendor\\laravel\\framework\\src\\Illuminate\\Foundation\\Http\\Kernel.php(201): Illuminate\\Routing\\Router->dispatch()
#23 D:\\Laravel\\Laravel-git\\vezbanje\\vendor\\laravel\\framework\\src\\Illuminate\\Pipeline\\Pipeline.php(170): Illuminate\\Foundation\\Http\\Kernel->Illuminate\\Foundation\\Http\\{closure}()
#24 D:\\Laravel\\Laravel-git\\vezbanje\\vendor\\laravel\\framework\\src\\Illuminate\\Foundation\\Http\\Middleware\\TransformsRequest.php(21): Illuminate\\Pipeline\\Pipeline->Illuminate\\Pipeline\\{closure}()
#25 D:\\Laravel\\Laravel-git\\vezbanje\\vendor\\laravel\\framework\\src\\Illuminate\\Foundation\\Http\\Middleware\\ConvertEmptyStringsToNull.php(31): Illuminate\\Foundation\\Http\\Middleware\\TransformsRequest->handle()
#26 D:\\Laravel\\Laravel-git\\vezbanje\\vendor\\laravel\\framework\\src\\Illuminate\\Pipeline\\Pipeline.php(209): Illuminate\\Foundation\\Http\\Middleware\\ConvertEmptyStringsToNull->handle()
#27 D:\\Laravel\\Laravel-git\\vezbanje\\vendor\\laravel\\framework\\src\\Illuminate\\Foundation\\Http\\Middleware\\TransformsRequest.php(21): Illuminate\\Pipeline\\Pipeline->Illuminate\\Pipeline\\{closure}()
#28 D:\\Laravel\\Laravel-git\\vezbanje\\vendor\\laravel\\framework\\src\\Illuminate\\Foundation\\Http\\Middleware\\TrimStrings.php(51): Illuminate\\Foundation\\Http\\Middleware\\TransformsRequest->handle()
#29 D:\\Laravel\\Laravel-git\\vezbanje\\vendor\\laravel\\framework\\src\\Illuminate\\Pipeline\\Pipeline.php(209): Illuminate\\Foundation\\Http\\Middleware\\TrimStrings->handle()
#30 D:\\Laravel\\Laravel-git\\vezbanje\\vendor\\laravel\\framework\\src\\Illuminate\\Http\\Middleware\\ValidatePostSize.php(27): Illuminate\\Pipeline\\Pipeline->Illuminate\\Pipeline\\{closure}()
#31 D:\\Laravel\\Laravel-git\\vezbanje\\vendor\\laravel\\framework\\src\\Illuminate\\Pipeline\\Pipeline.php(209): Illuminate\\Http\\Middleware\\ValidatePostSize->handle()
#32 D:\\Laravel\\Laravel-git\\vezbanje\\vendor\\laravel\\framework\\src\\Illuminate\\Foundation\\Http\\Middleware\\PreventRequestsDuringMaintenance.php(110): Illuminate\\Pipeline\\Pipeline->Illuminate\\Pipeline\\{closure}()
#33 D:\\Laravel\\Laravel-git\\vezbanje\\vendor\\laravel\\framework\\src\\Illuminate\\Pipeline\\Pipeline.php(209): Illuminate\\Foundation\\Http\\Middleware\\PreventRequestsDuringMaintenance->handle()
#34 D:\\Laravel\\Laravel-git\\vezbanje\\vendor\\laravel\\framework\\src\\Illuminate\\Http\\Middleware\\HandleCors.php(49): Illuminate\\Pipeline\\Pipeline->Illuminate\\Pipeline\\{closure}()
#35 D:\\Laravel\\Laravel-git\\vezbanje\\vendor\\laravel\\framework\\src\\Illuminate\\Pipeline\\Pipeline.php(209): Illuminate\\Http\\Middleware\\HandleCors->handle()
#36 D:\\Laravel\\Laravel-git\\vezbanje\\vendor\\laravel\\framework\\src\\Illuminate\\Http\\Middleware\\TrustProxies.php(58): Illuminate\\Pipeline\\Pipeline->Illuminate\\Pipeline\\{closure}()
#37 D:\\Laravel\\Laravel-git\\vezbanje\\vendor\\laravel\\framework\\src\\Illuminate\\Pipeline\\Pipeline.php(209): Illuminate\\Http\\Middleware\\TrustProxies->handle()
#38 D:\\Laravel\\Laravel-git\\vezbanje\\vendor\\laravel\\framework\\src\\Illuminate\\Foundation\\Http\\Middleware\\InvokeDeferredCallbacks.php(22): Illuminate\\Pipeline\\Pipeline->Illuminate\\Pipeline\\{closure}()
#39 D:\\Laravel\\Laravel-git\\vezbanje\\vendor\\laravel\\framework\\src\\Illuminate\\Pipeline\\Pipeline.php(209): Illuminate\\Foundation\\Http\\Middleware\\InvokeDeferredCallbacks->handle()
#40 D:\\Laravel\\Laravel-git\\vezbanje\\vendor\\laravel\\framework\\src\\Illuminate\\Pipeline\\Pipeline.php(127): Illuminate\\Pipeline\\Pipeline->Illuminate\\Pipeline\\{closure}()
#41 D:\\Laravel\\Laravel-git\\vezbanje\\vendor\\laravel\\framework\\src\\Illuminate\\Foundation\\Http\\Kernel.php(176): Illuminate\\Pipeline\\Pipeline->then()
#42 D:\\Laravel\\Laravel-git\\vezbanje\\vendor\\laravel\\framework\\src\\Illuminate\\Foundation\\Http\\Kernel.php(145): Illuminate\\Foundation\\Http\\Kernel->sendRequestThroughRouter()
#43 D:\\Laravel\\Laravel-git\\vezbanje\\vendor\\laravel\\framework\\src\\Illuminate\\Foundation\\Application.php(1216): Illuminate\\Foundation\\Http\\Kernel->handle()
#44 D:\\Laravel\\Laravel-git\\vezbanje\\public\\index.php(17): Illuminate\\Foundation\\Application->handleRequest()
#45 D:\\Laravel\\Laravel-git\\vezbanje\\vendor\\laravel\\framework\\src\\Illuminate\\Foundation\\resources\\server.php(23): require_once('...')
#46 {main}
"} 
[2025-02-08 12:44:52] production.ERROR: No application encryption key has been specified. {"exception":"[object] (Illuminate\\Encryption\\MissingAppKeyException(code: 0): No application encryption key has been specified. at D:\\Laravel\\Laravel-git\\vezbanje\\vendor\\laravel\\framework\\src\\Illuminate\\Encryption\\EncryptionServiceProvider.php:83)
[stacktrace]
#0 D:\\Laravel\\Laravel-git\\vezbanje\\vendor\\laravel\\framework\\src\\Illuminate\\Support\\helpers.php(399): Illuminate\\Encryption\\EncryptionServiceProvider->Illuminate\\Encryption\\{closure}()
#1 D:\\Laravel\\Laravel-git\\vezbanje\\vendor\\laravel\\framework\\src\\Illuminate\\Encryption\\EncryptionServiceProvider.php(81): tap()
#2 D:\\Laravel\\Laravel-git\\vezbanje\\vendor\\laravel\\framework\\src\\Illuminate\\Encryption\\EncryptionServiceProvider.php(64): Illuminate\\Encryption\\EncryptionServiceProvider->key()
#3 D:\\Laravel\\Laravel-git\\vezbanje\\vendor\\laravel\\framework\\src\\Illuminate\\Encryption\\EncryptionServiceProvider.php(32): Illuminate\\Encryption\\EncryptionServiceProvider->parseKey()
#4 D:\\Laravel\\Laravel-git\\vezbanje\\vendor\\laravel\\framework\\src\\Illuminate\\Container\\Container.php(937): Illuminate\\Encryption\\EncryptionServiceProvider->Illuminate\\Encryption\\{closure}()
#5 D:\\Laravel\\Laravel-git\\vezbanje\\vendor\\laravel\\framework\\src\\Illuminate\\Container\\Container.php(819): Illuminate\\Container\\Container->build()
#6 D:\\Laravel\\Laravel-git\\vezbanje\\vendor\\laravel\\framework\\src\\Illuminate\\Foundation\\Application.php(1074): Illuminate\\Container\\Container->resolve()
#7 D:\\Laravel\\Laravel-git\\vezbanje\\vendor\\laravel\\framework\\src\\Illuminate\\Container\\Container.php(755): Illuminate\\Foundation\\Application->resolve()
#8 D:\\Laravel\\Laravel-git\\vezbanje\\vendor\\laravel\\framework\\src\\Illuminate\\Foundation\\Application.php(1056): Illuminate\\Container\\Container->make()
#9 D:\\Laravel\\Laravel-git\\vezbanje\\vendor\\laravel\\framework\\src\\Illuminate\\Container\\Container.php(1118): Illuminate\\Foundation\\Application->make()
#10 D:\\Laravel\\Laravel-git\\vezbanje\\vendor\\laravel\\framework\\src\\Illuminate\\Container\\Container.php(1028): Illuminate\\Container\\Container->resolveClass()
#11 D:\\Laravel\\Laravel-git\\vezbanje\\vendor\\laravel\\framework\\src\\Illuminate\\Container\\Container.php(979): Illuminate\\Container\\Container->resolveDependencies()
#12 D:\\Laravel\\Laravel-git\\vezbanje\\vendor\\laravel\\framework\\src\\Illuminate\\Container\\Container.php(819): Illuminate\\Container\\Container->build()
#13 D:\\Laravel\\Laravel-git\\vezbanje\\vendor\\laravel\\framework\\src\\Illuminate\\Foundation\\Application.php(1074): Illuminate\\Container\\Container->resolve()
#14 D:\\Laravel\\Laravel-git\\vezbanje\\vendor\\laravel\\framework\\src\\Illuminate\\Container\\Container.php(755): Illuminate\\Foundation\\Application->resolve()
#15 D:\\Laravel\\Laravel-git\\vezbanje\\vendor\\laravel\\framework\\src\\Illuminate\\Foundation\\Application.php(1056): Illuminate\\Container\\Container->make()
#16 D:\\Laravel\\Laravel-git\\vezbanje\\vendor\\laravel\\framework\\src\\Illuminate\\Foundation\\Http\\Kernel.php(258): Illuminate\\Foundation\\Application->make()
#17 D:\\Laravel\\Laravel-git\\vezbanje\\vendor\\laravel\\framework\\src\\Illuminate\\Foundation\\Http\\Kernel.php(216): Illuminate\\Foundation\\Http\\Kernel->terminateMiddleware()
#18 D:\\Laravel\\Laravel-git\\vezbanje\\vendor\\laravel\\framework\\src\\Illuminate\\Foundation\\Application.php(1218): Illuminate\\Foundation\\Http\\Kernel->terminate()
#19 D:\\Laravel\\Laravel-git\\vezbanje\\public\\index.php(17): Illuminate\\Foundation\\Application->handleRequest()
#20 D:\\Laravel\\Laravel-git\\vezbanje\\vendor\\laravel\\framework\\src\\Illuminate\\Foundation\\resources\\server.php(23): require_once('...')
#21 {main}
"} 
[2025-02-08 12:45:15] production.ERROR: No application encryption key has been specified. {"exception":"[object] (Illuminate\\Encryption\\MissingAppKeyException(code: 0): No application encryption key has been specified. at D:\\Laravel\\Laravel-git\\vezbanje\\vendor\\laravel\\framework\\src\\Illuminate\\Encryption\\EncryptionServiceProvider.php:83)
[stacktrace]
#0 D:\\Laravel\\Laravel-git\\vezbanje\\vendor\\laravel\\framework\\src\\Illuminate\\Support\\helpers.php(399): Illuminate\\Encryption\\EncryptionServiceProvider->Illuminate\\Encryption\\{closure}()
#1 D:\\Laravel\\Laravel-git\\vezbanje\\vendor\\laravel\\framework\\src\\Illuminate\\Encryption\\EncryptionServiceProvider.php(81): tap()
#2 D:\\Laravel\\Laravel-git\\vezbanje\\vendor\\laravel\\framework\\src\\Illuminate\\Encryption\\EncryptionServiceProvider.php(64): Illuminate\\Encryption\\EncryptionServiceProvider->key()
#3 D:\\Laravel\\Laravel-git\\vezbanje\\vendor\\laravel\\framework\\src\\Illuminate\\Encryption\\EncryptionServiceProvider.php(32): Illuminate\\Encryption\\EncryptionServiceProvider->parseKey()
#4 D:\\Laravel\\Laravel-git\\vezbanje\\vendor\\laravel\\framework\\src\\Illuminate\\Container\\Container.php(937): Illuminate\\Encryption\\EncryptionServiceProvider->Illuminate\\Encryption\\{closure}()
#5 D:\\Laravel\\Laravel-git\\vezbanje\\vendor\\laravel\\framework\\src\\Illuminate\\Container\\Container.php(819): Illuminate\\Container\\Container->build()
#6 D:\\Laravel\\Laravel-git\\vezbanje\\vendor\\laravel\\framework\\src\\Illuminate\\Foundation\\Application.php(1074): Illuminate\\Container\\Container->resolve()
#7 D:\\Laravel\\Laravel-git\\vezbanje\\vendor\\laravel\\framework\\src\\Illuminate\\Container\\Container.php(755): Illuminate\\Foundation\\Application->resolve()
#8 D:\\Laravel\\Laravel-git\\vezbanje\\vendor\\laravel\\framework\\src\\Illuminate\\Foundation\\Application.php(1056): Illuminate\\Container\\Container->make()
#9 D:\\Laravel\\Laravel-git\\vezbanje\\vendor\\laravel\\framework\\src\\Illuminate\\Container\\Container.php(1118): Illuminate\\Foundation\\Application->make()
#10 D:\\Laravel\\Laravel-git\\vezbanje\\vendor\\laravel\\framework\\src\\Illuminate\\Container\\Container.php(1028): Illuminate\\Container\\Container->resolveClass()
#11 D:\\Laravel\\Laravel-git\\vezbanje\\vendor\\laravel\\framework\\src\\Illuminate\\Container\\Container.php(979): Illuminate\\Container\\Container->resolveDependencies()
#12 D:\\Laravel\\Laravel-git\\vezbanje\\vendor\\laravel\\framework\\src\\Illuminate\\Container\\Container.php(819): Illuminate\\Container\\Container->build()
#13 D:\\Laravel\\Laravel-git\\vezbanje\\vendor\\laravel\\framework\\src\\Illuminate\\Foundation\\Application.php(1074): Illuminate\\Container\\Container->resolve()
#14 D:\\Laravel\\Laravel-git\\vezbanje\\vendor\\laravel\\framework\\src\\Illuminate\\Container\\Container.php(755): Illuminate\\Foundation\\Application->resolve()
#15 D:\\Laravel\\Laravel-git\\vezbanje\\vendor\\laravel\\framework\\src\\Illuminate\\Foundation\\Application.php(1056): Illuminate\\Container\\Container->make()
#16 D:\\Laravel\\Laravel-git\\vezbanje\\vendor\\laravel\\framework\\src\\Illuminate\\Pipeline\\Pipeline.php(198): Illuminate\\Foundation\\Application->make()
#17 D:\\Laravel\\Laravel-git\\vezbanje\\vendor\\laravel\\framework\\src\\Illuminate\\Pipeline\\Pipeline.php(127): Illuminate\\Pipeline\\Pipeline->Illuminate\\Pipeline\\{closure}()
#18 D:\\Laravel\\Laravel-git\\vezbanje\\vendor\\laravel\\framework\\src\\Illuminate\\Routing\\Router.php(807): Illuminate\\Pipeline\\Pipeline->then()
#19 D:\\Laravel\\Laravel-git\\vezbanje\\vendor\\laravel\\framework\\src\\Illuminate\\Routing\\Router.php(786): Illuminate\\Routing\\Router->runRouteWithinStack()
#20 D:\\Laravel\\Laravel-git\\vezbanje\\vendor\\laravel\\framework\\src\\Illuminate\\Routing\\Router.php(750): Illuminate\\Routing\\Router->runRoute()
#21 D:\\Laravel\\Laravel-git\\vezbanje\\vendor\\laravel\\framework\\src\\Illuminate\\Routing\\Router.php(739): Illuminate\\Routing\\Router->dispatchToRoute()
#22 D:\\Laravel\\Laravel-git\\vezbanje\\vendor\\laravel\\framework\\src\\Illuminate\\Foundation\\Http\\Kernel.php(201): Illuminate\\Routing\\Router->dispatch()
#23 D:\\Laravel\\Laravel-git\\vezbanje\\vendor\\laravel\\framework\\src\\Illuminate\\Pipeline\\Pipeline.php(170): Illuminate\\Foundation\\Http\\Kernel->Illuminate\\Foundation\\Http\\{closure}()
#24 D:\\Laravel\\Laravel-git\\vezbanje\\vendor\\laravel\\framework\\src\\Illuminate\\Foundation\\Http\\Middleware\\TransformsRequest.php(21): Illuminate\\Pipeline\\Pipeline->Illuminate\\Pipeline\\{closure}()
#25 D:\\Laravel\\Laravel-git\\vezbanje\\vendor\\laravel\\framework\\src\\Illuminate\\Foundation\\Http\\Middleware\\ConvertEmptyStringsToNull.php(31): Illuminate\\Foundation\\Http\\Middleware\\TransformsRequest->handle()
#26 D:\\Laravel\\Laravel-git\\vezbanje\\vendor\\laravel\\framework\\src\\Illuminate\\Pipeline\\Pipeline.php(209): Illuminate\\Foundation\\Http\\Middleware\\ConvertEmptyStringsToNull->handle()
#27 D:\\Laravel\\Laravel-git\\vezbanje\\vendor\\laravel\\framework\\src\\Illuminate\\Foundation\\Http\\Middleware\\TransformsRequest.php(21): Illuminate\\Pipeline\\Pipeline->Illuminate\\Pipeline\\{closure}()
#28 D:\\Laravel\\Laravel-git\\vezbanje\\vendor\\laravel\\framework\\src\\Illuminate\\Foundation\\Http\\Middleware\\TrimStrings.php(51): Illuminate\\Foundation\\Http\\Middleware\\TransformsRequest->handle()
#29 D:\\Laravel\\Laravel-git\\vezbanje\\vendor\\laravel\\framework\\src\\Illuminate\\Pipeline\\Pipeline.php(209): Illuminate\\Foundation\\Http\\Middleware\\TrimStrings->handle()
#30 D:\\Laravel\\Laravel-git\\vezbanje\\vendor\\laravel\\framework\\src\\Illuminate\\Http\\Middleware\\ValidatePostSize.php(27): Illuminate\\Pipeline\\Pipeline->Illuminate\\Pipeline\\{closure}()
#31 D:\\Laravel\\Laravel-git\\vezbanje\\vendor\\laravel\\framework\\src\\Illuminate\\Pipeline\\Pipeline.php(209): Illuminate\\Http\\Middleware\\ValidatePostSize->handle()
#32 D:\\Laravel\\Laravel-git\\vezbanje\\vendor\\laravel\\framework\\src\\Illuminate\\Foundation\\Http\\Middleware\\PreventRequestsDuringMaintenance.php(110): Illuminate\\Pipeline\\Pipeline->Illuminate\\Pipeline\\{closure}()
#33 D:\\Laravel\\Laravel-git\\vezbanje\\vendor\\laravel\\framework\\src\\Illuminate\\Pipeline\\Pipeline.php(209): Illuminate\\Foundation\\Http\\Middleware\\PreventRequestsDuringMaintenance->handle()
#34 D:\\Laravel\\Laravel-git\\vezbanje\\vendor\\laravel\\framework\\src\\Illuminate\\Http\\Middleware\\HandleCors.php(49): Illuminate\\Pipeline\\Pipeline->Illuminate\\Pipeline\\{closure}()
#35 D:\\Laravel\\Laravel-git\\vezbanje\\vendor\\laravel\\framework\\src\\Illuminate\\Pipeline\\Pipeline.php(209): Illuminate\\Http\\Middleware\\HandleCors->handle()
#36 D:\\Laravel\\Laravel-git\\vezbanje\\vendor\\laravel\\framework\\src\\Illuminate\\Http\\Middleware\\TrustProxies.php(58): Illuminate\\Pipeline\\Pipeline->Illuminate\\Pipeline\\{closure}()
#37 D:\\Laravel\\Laravel-git\\vezbanje\\vendor\\laravel\\framework\\src\\Illuminate\\Pipeline\\Pipeline.php(209): Illuminate\\Http\\Middleware\\TrustProxies->handle()
#38 D:\\Laravel\\Laravel-git\\vezbanje\\vendor\\laravel\\framework\\src\\Illuminate\\Foundation\\Http\\Middleware\\InvokeDeferredCallbacks.php(22): Illuminate\\Pipeline\\Pipeline->Illuminate\\Pipeline\\{closure}()
#39 D:\\Laravel\\Laravel-git\\vezbanje\\vendor\\laravel\\framework\\src\\Illuminate\\Pipeline\\Pipeline.php(209): Illuminate\\Foundation\\Http\\Middleware\\InvokeDeferredCallbacks->handle()
#40 D:\\Laravel\\Laravel-git\\vezbanje\\vendor\\laravel\\framework\\src\\Illuminate\\Pipeline\\Pipeline.php(127): Illuminate\\Pipeline\\Pipeline->Illuminate\\Pipeline\\{closure}()
#41 D:\\Laravel\\Laravel-git\\vezbanje\\vendor\\laravel\\framework\\src\\Illuminate\\Foundation\\Http\\Kernel.php(176): Illuminate\\Pipeline\\Pipeline->then()
#42 D:\\Laravel\\Laravel-git\\vezbanje\\vendor\\laravel\\framework\\src\\Illuminate\\Foundation\\Http\\Kernel.php(145): Illuminate\\Foundation\\Http\\Kernel->sendRequestThroughRouter()
#43 D:\\Laravel\\Laravel-git\\vezbanje\\vendor\\laravel\\framework\\src\\Illuminate\\Foundation\\Application.php(1216): Illuminate\\Foundation\\Http\\Kernel->handle()
#44 D:\\Laravel\\Laravel-git\\vezbanje\\public\\index.php(17): Illuminate\\Foundation\\Application->handleRequest()
#45 D:\\Laravel\\Laravel-git\\vezbanje\\vendor\\laravel\\framework\\src\\Illuminate\\Foundation\\resources\\server.php(23): require_once('...')
#46 {main}
"} 
[2025-02-08 12:45:15] production.ERROR: No application encryption key has been specified. {"exception":"[object] (Illuminate\\Encryption\\MissingAppKeyException(code: 0): No application encryption key has been specified. at D:\\Laravel\\Laravel-git\\vezbanje\\vendor\\laravel\\framework\\src\\Illuminate\\Encryption\\EncryptionServiceProvider.php:83)
[stacktrace]
#0 D:\\Laravel\\Laravel-git\\vezbanje\\vendor\\laravel\\framework\\src\\Illuminate\\Support\\helpers.php(399): Illuminate\\Encryption\\EncryptionServiceProvider->Illuminate\\Encryption\\{closure}()
#1 D:\\Laravel\\Laravel-git\\vezbanje\\vendor\\laravel\\framework\\src\\Illuminate\\Encryption\\EncryptionServiceProvider.php(81): tap()
#2 D:\\Laravel\\Laravel-git\\vezbanje\\vendor\\laravel\\framework\\src\\Illuminate\\Encryption\\EncryptionServiceProvider.php(64): Illuminate\\Encryption\\EncryptionServiceProvider->key()
#3 D:\\Laravel\\Laravel-git\\vezbanje\\vendor\\laravel\\framework\\src\\Illuminate\\Encryption\\EncryptionServiceProvider.php(32): Illuminate\\Encryption\\EncryptionServiceProvider->parseKey()
#4 D:\\Laravel\\Laravel-git\\vezbanje\\vendor\\laravel\\framework\\src\\Illuminate\\Container\\Container.php(937): Illuminate\\Encryption\\EncryptionServiceProvider->Illuminate\\Encryption\\{closure}()
#5 D:\\Laravel\\Laravel-git\\vezbanje\\vendor\\laravel\\framework\\src\\Illuminate\\Container\\Container.php(819): Illuminate\\Container\\Container->build()
#6 D:\\Laravel\\Laravel-git\\vezbanje\\vendor\\laravel\\framework\\src\\Illuminate\\Foundation\\Application.php(1074): Illuminate\\Container\\Container->resolve()
#7 D:\\Laravel\\Laravel-git\\vezbanje\\vendor\\laravel\\framework\\src\\Illuminate\\Container\\Container.php(755): Illuminate\\Foundation\\Application->resolve()
#8 D:\\Laravel\\Laravel-git\\vezbanje\\vendor\\laravel\\framework\\src\\Illuminate\\Foundation\\Application.php(1056): Illuminate\\Container\\Container->make()
#9 D:\\Laravel\\Laravel-git\\vezbanje\\vendor\\laravel\\framework\\src\\Illuminate\\Container\\Container.php(1118): Illuminate\\Foundation\\Application->make()
#10 D:\\Laravel\\Laravel-git\\vezbanje\\vendor\\laravel\\framework\\src\\Illuminate\\Container\\Container.php(1028): Illuminate\\Container\\Container->resolveClass()
#11 D:\\Laravel\\Laravel-git\\vezbanje\\vendor\\laravel\\framework\\src\\Illuminate\\Container\\Container.php(979): Illuminate\\Container\\Container->resolveDependencies()
#12 D:\\Laravel\\Laravel-git\\vezbanje\\vendor\\laravel\\framework\\src\\Illuminate\\Container\\Container.php(819): Illuminate\\Container\\Container->build()
#13 D:\\Laravel\\Laravel-git\\vezbanje\\vendor\\laravel\\framework\\src\\Illuminate\\Foundation\\Application.php(1074): Illuminate\\Container\\Container->resolve()
#14 D:\\Laravel\\Laravel-git\\vezbanje\\vendor\\laravel\\framework\\src\\Illuminate\\Container\\Container.php(755): Illuminate\\Foundation\\Application->resolve()
#15 D:\\Laravel\\Laravel-git\\vezbanje\\vendor\\laravel\\framework\\src\\Illuminate\\Foundation\\Application.php(1056): Illuminate\\Container\\Container->make()
#16 D:\\Laravel\\Laravel-git\\vezbanje\\vendor\\laravel\\framework\\src\\Illuminate\\Foundation\\Http\\Kernel.php(258): Illuminate\\Foundation\\Application->make()
#17 D:\\Laravel\\Laravel-git\\vezbanje\\vendor\\laravel\\framework\\src\\Illuminate\\Foundation\\Http\\Kernel.php(216): Illuminate\\Foundation\\Http\\Kernel->terminateMiddleware()
#18 D:\\Laravel\\Laravel-git\\vezbanje\\vendor\\laravel\\framework\\src\\Illuminate\\Foundation\\Application.php(1218): Illuminate\\Foundation\\Http\\Kernel->terminate()
#19 D:\\Laravel\\Laravel-git\\vezbanje\\public\\index.php(17): Illuminate\\Foundation\\Application->handleRequest()
#20 D:\\Laravel\\Laravel-git\\vezbanje\\vendor\\laravel\\framework\\src\\Illuminate\\Foundation\\resources\\server.php(23): require_once('...')
#21 {main}
"} 
[2025-02-08 12:45:15] production.ERROR: No application encryption key has been specified. {"exception":"[object] (Illuminate\\Encryption\\MissingAppKeyException(code: 0): No application encryption key has been specified. at D:\\Laravel\\Laravel-git\\vezbanje\\vendor\\laravel\\framework\\src\\Illuminate\\Encryption\\EncryptionServiceProvider.php:83)
[stacktrace]
#0 D:\\Laravel\\Laravel-git\\vezbanje\\vendor\\laravel\\framework\\src\\Illuminate\\Support\\helpers.php(399): Illuminate\\Encryption\\EncryptionServiceProvider->Illuminate\\Encryption\\{closure}()
#1 D:\\Laravel\\Laravel-git\\vezbanje\\vendor\\laravel\\framework\\src\\Illuminate\\Encryption\\EncryptionServiceProvider.php(81): tap()
#2 D:\\Laravel\\Laravel-git\\vezbanje\\vendor\\laravel\\framework\\src\\Illuminate\\Encryption\\EncryptionServiceProvider.php(64): Illuminate\\Encryption\\EncryptionServiceProvider->key()
#3 D:\\Laravel\\Laravel-git\\vezbanje\\vendor\\laravel\\framework\\src\\Illuminate\\Encryption\\EncryptionServiceProvider.php(32): Illuminate\\Encryption\\EncryptionServiceProvider->parseKey()
#4 D:\\Laravel\\Laravel-git\\vezbanje\\vendor\\laravel\\framework\\src\\Illuminate\\Container\\Container.php(937): Illuminate\\Encryption\\EncryptionServiceProvider->Illuminate\\Encryption\\{closure}()
#5 D:\\Laravel\\Laravel-git\\vezbanje\\vendor\\laravel\\framework\\src\\Illuminate\\Container\\Container.php(819): Illuminate\\Container\\Container->build()
#6 D:\\Laravel\\Laravel-git\\vezbanje\\vendor\\laravel\\framework\\src\\Illuminate\\Foundation\\Application.php(1074): Illuminate\\Container\\Container->resolve()
#7 D:\\Laravel\\Laravel-git\\vezbanje\\vendor\\laravel\\framework\\src\\Illuminate\\Container\\Container.php(755): Illuminate\\Foundation\\Application->resolve()
#8 D:\\Laravel\\Laravel-git\\vezbanje\\vendor\\laravel\\framework\\src\\Illuminate\\Foundation\\Application.php(1056): Illuminate\\Container\\Container->make()
#9 D:\\Laravel\\Laravel-git\\vezbanje\\vendor\\laravel\\framework\\src\\Illuminate\\Container\\Container.php(1118): Illuminate\\Foundation\\Application->make()
#10 D:\\Laravel\\Laravel-git\\vezbanje\\vendor\\laravel\\framework\\src\\Illuminate\\Container\\Container.php(1028): Illuminate\\Container\\Container->resolveClass()
#11 D:\\Laravel\\Laravel-git\\vezbanje\\vendor\\laravel\\framework\\src\\Illuminate\\Container\\Container.php(979): Illuminate\\Container\\Container->resolveDependencies()
#12 D:\\Laravel\\Laravel-git\\vezbanje\\vendor\\laravel\\framework\\src\\Illuminate\\Container\\Container.php(819): Illuminate\\Container\\Container->build()
#13 D:\\Laravel\\Laravel-git\\vezbanje\\vendor\\laravel\\framework\\src\\Illuminate\\Foundation\\Application.php(1074): Illuminate\\Container\\Container->resolve()
#14 D:\\Laravel\\Laravel-git\\vezbanje\\vendor\\laravel\\framework\\src\\Illuminate\\Container\\Container.php(755): Illuminate\\Foundation\\Application->resolve()
#15 D:\\Laravel\\Laravel-git\\vezbanje\\vendor\\laravel\\framework\\src\\Illuminate\\Foundation\\Application.php(1056): Illuminate\\Container\\Container->make()
#16 D:\\Laravel\\Laravel-git\\vezbanje\\vendor\\laravel\\framework\\src\\Illuminate\\Pipeline\\Pipeline.php(198): Illuminate\\Foundation\\Application->make()
#17 D:\\Laravel\\Laravel-git\\vezbanje\\vendor\\laravel\\framework\\src\\Illuminate\\Pipeline\\Pipeline.php(127): Illuminate\\Pipeline\\Pipeline->Illuminate\\Pipeline\\{closure}()
#18 D:\\Laravel\\Laravel-git\\vezbanje\\vendor\\laravel\\framework\\src\\Illuminate\\Routing\\Router.php(807): Illuminate\\Pipeline\\Pipeline->then()
#19 D:\\Laravel\\Laravel-git\\vezbanje\\vendor\\laravel\\framework\\src\\Illuminate\\Routing\\Router.php(786): Illuminate\\Routing\\Router->runRouteWithinStack()
#20 D:\\Laravel\\Laravel-git\\vezbanje\\vendor\\laravel\\framework\\src\\Illuminate\\Routing\\Router.php(750): Illuminate\\Routing\\Router->runRoute()
#21 D:\\Laravel\\Laravel-git\\vezbanje\\vendor\\laravel\\framework\\src\\Illuminate\\Routing\\Router.php(739): Illuminate\\Routing\\Router->dispatchToRoute()
#22 D:\\Laravel\\Laravel-git\\vezbanje\\vendor\\laravel\\framework\\src\\Illuminate\\Foundation\\Http\\Kernel.php(201): Illuminate\\Routing\\Router->dispatch()
#23 D:\\Laravel\\Laravel-git\\vezbanje\\vendor\\laravel\\framework\\src\\Illuminate\\Pipeline\\Pipeline.php(170): Illuminate\\Foundation\\Http\\Kernel->Illuminate\\Foundation\\Http\\{closure}()
#24 D:\\Laravel\\Laravel-git\\vezbanje\\vendor\\laravel\\framework\\src\\Illuminate\\Foundation\\Http\\Middleware\\TransformsRequest.php(21): Illuminate\\Pipeline\\Pipeline->Illuminate\\Pipeline\\{closure}()
#25 D:\\Laravel\\Laravel-git\\vezbanje\\vendor\\laravel\\framework\\src\\Illuminate\\Foundation\\Http\\Middleware\\ConvertEmptyStringsToNull.php(31): Illuminate\\Foundation\\Http\\Middleware\\TransformsRequest->handle()
#26 D:\\Laravel\\Laravel-git\\vezbanje\\vendor\\laravel\\framework\\src\\Illuminate\\Pipeline\\Pipeline.php(209): Illuminate\\Foundation\\Http\\Middleware\\ConvertEmptyStringsToNull->handle()
#27 D:\\Laravel\\Laravel-git\\vezbanje\\vendor\\laravel\\framework\\src\\Illuminate\\Foundation\\Http\\Middleware\\TransformsRequest.php(21): Illuminate\\Pipeline\\Pipeline->Illuminate\\Pipeline\\{closure}()
#28 D:\\Laravel\\Laravel-git\\vezbanje\\vendor\\laravel\\framework\\src\\Illuminate\\Foundation\\Http\\Middleware\\TrimStrings.php(51): Illuminate\\Foundation\\Http\\Middleware\\TransformsRequest->handle()
#29 D:\\Laravel\\Laravel-git\\vezbanje\\vendor\\laravel\\framework\\src\\Illuminate\\Pipeline\\Pipeline.php(209): Illuminate\\Foundation\\Http\\Middleware\\TrimStrings->handle()
#30 D:\\Laravel\\Laravel-git\\vezbanje\\vendor\\laravel\\framework\\src\\Illuminate\\Http\\Middleware\\ValidatePostSize.php(27): Illuminate\\Pipeline\\Pipeline->Illuminate\\Pipeline\\{closure}()
#31 D:\\Laravel\\Laravel-git\\vezbanje\\vendor\\laravel\\framework\\src\\Illuminate\\Pipeline\\Pipeline.php(209): Illuminate\\Http\\Middleware\\ValidatePostSize->handle()
#32 D:\\Laravel\\Laravel-git\\vezbanje\\vendor\\laravel\\framework\\src\\Illuminate\\Foundation\\Http\\Middleware\\PreventRequestsDuringMaintenance.php(110): Illuminate\\Pipeline\\Pipeline->Illuminate\\Pipeline\\{closure}()
#33 D:\\Laravel\\Laravel-git\\vezbanje\\vendor\\laravel\\framework\\src\\Illuminate\\Pipeline\\Pipeline.php(209): Illuminate\\Foundation\\Http\\Middleware\\PreventRequestsDuringMaintenance->handle()
#34 D:\\Laravel\\Laravel-git\\vezbanje\\vendor\\laravel\\framework\\src\\Illuminate\\Http\\Middleware\\HandleCors.php(49): Illuminate\\Pipeline\\Pipeline->Illuminate\\Pipeline\\{closure}()
#35 D:\\Laravel\\Laravel-git\\vezbanje\\vendor\\laravel\\framework\\src\\Illuminate\\Pipeline\\Pipeline.php(209): Illuminate\\Http\\Middleware\\HandleCors->handle()
#36 D:\\Laravel\\Laravel-git\\vezbanje\\vendor\\laravel\\framework\\src\\Illuminate\\Http\\Middleware\\TrustProxies.php(58): Illuminate\\Pipeline\\Pipeline->Illuminate\\Pipeline\\{closure}()
#37 D:\\Laravel\\Laravel-git\\vezbanje\\vendor\\laravel\\framework\\src\\Illuminate\\Pipeline\\Pipeline.php(209): Illuminate\\Http\\Middleware\\TrustProxies->handle()
#38 D:\\Laravel\\Laravel-git\\vezbanje\\vendor\\laravel\\framework\\src\\Illuminate\\Foundation\\Http\\Middleware\\InvokeDeferredCallbacks.php(22): Illuminate\\Pipeline\\Pipeline->Illuminate\\Pipeline\\{closure}()
#39 D:\\Laravel\\Laravel-git\\vezbanje\\vendor\\laravel\\framework\\src\\Illuminate\\Pipeline\\Pipeline.php(209): Illuminate\\Foundation\\Http\\Middleware\\InvokeDeferredCallbacks->handle()
#40 D:\\Laravel\\Laravel-git\\vezbanje\\vendor\\laravel\\framework\\src\\Illuminate\\Pipeline\\Pipeline.php(127): Illuminate\\Pipeline\\Pipeline->Illuminate\\Pipeline\\{closure}()
#41 D:\\Laravel\\Laravel-git\\vezbanje\\vendor\\laravel\\framework\\src\\Illuminate\\Foundation\\Http\\Kernel.php(176): Illuminate\\Pipeline\\Pipeline->then()
#42 D:\\Laravel\\Laravel-git\\vezbanje\\vendor\\laravel\\framework\\src\\Illuminate\\Foundation\\Http\\Kernel.php(145): Illuminate\\Foundation\\Http\\Kernel->sendRequestThroughRouter()
#43 D:\\Laravel\\Laravel-git\\vezbanje\\vendor\\laravel\\framework\\src\\Illuminate\\Foundation\\Application.php(1216): Illuminate\\Foundation\\Http\\Kernel->handle()
#44 D:\\Laravel\\Laravel-git\\vezbanje\\public\\index.php(17): Illuminate\\Foundation\\Application->handleRequest()
#45 D:\\Laravel\\Laravel-git\\vezbanje\\vendor\\laravel\\framework\\src\\Illuminate\\Foundation\\resources\\server.php(23): require_once('...')
#46 {main}
"} 
[2025-02-08 12:45:15] production.ERROR: No application encryption key has been specified. {"exception":"[object] (Illuminate\\Encryption\\MissingAppKeyException(code: 0): No application encryption key has been specified. at D:\\Laravel\\Laravel-git\\vezbanje\\vendor\\laravel\\framework\\src\\Illuminate\\Encryption\\EncryptionServiceProvider.php:83)
[stacktrace]
#0 D:\\Laravel\\Laravel-git\\vezbanje\\vendor\\laravel\\framework\\src\\Illuminate\\Support\\helpers.php(399): Illuminate\\Encryption\\EncryptionServiceProvider->Illuminate\\Encryption\\{closure}()
#1 D:\\Laravel\\Laravel-git\\vezbanje\\vendor\\laravel\\framework\\src\\Illuminate\\Encryption\\EncryptionServiceProvider.php(81): tap()
#2 D:\\Laravel\\Laravel-git\\vezbanje\\vendor\\laravel\\framework\\src\\Illuminate\\Encryption\\EncryptionServiceProvider.php(64): Illuminate\\Encryption\\EncryptionServiceProvider->key()
#3 D:\\Laravel\\Laravel-git\\vezbanje\\vendor\\laravel\\framework\\src\\Illuminate\\Encryption\\EncryptionServiceProvider.php(32): Illuminate\\Encryption\\EncryptionServiceProvider->parseKey()
#4 D:\\Laravel\\Laravel-git\\vezbanje\\vendor\\laravel\\framework\\src\\Illuminate\\Container\\Container.php(937): Illuminate\\Encryption\\EncryptionServiceProvider->Illuminate\\Encryption\\{closure}()
#5 D:\\Laravel\\Laravel-git\\vezbanje\\vendor\\laravel\\framework\\src\\Illuminate\\Container\\Container.php(819): Illuminate\\Container\\Container->build()
#6 D:\\Laravel\\Laravel-git\\vezbanje\\vendor\\laravel\\framework\\src\\Illuminate\\Foundation\\Application.php(1074): Illuminate\\Container\\Container->resolve()
#7 D:\\Laravel\\Laravel-git\\vezbanje\\vendor\\laravel\\framework\\src\\Illuminate\\Container\\Container.php(755): Illuminate\\Foundation\\Application->resolve()
#8 D:\\Laravel\\Laravel-git\\vezbanje\\vendor\\laravel\\framework\\src\\Illuminate\\Foundation\\Application.php(1056): Illuminate\\Container\\Container->make()
#9 D:\\Laravel\\Laravel-git\\vezbanje\\vendor\\laravel\\framework\\src\\Illuminate\\Container\\Container.php(1118): Illuminate\\Foundation\\Application->make()
#10 D:\\Laravel\\Laravel-git\\vezbanje\\vendor\\laravel\\framework\\src\\Illuminate\\Container\\Container.php(1028): Illuminate\\Container\\Container->resolveClass()
#11 D:\\Laravel\\Laravel-git\\vezbanje\\vendor\\laravel\\framework\\src\\Illuminate\\Container\\Container.php(979): Illuminate\\Container\\Container->resolveDependencies()
#12 D:\\Laravel\\Laravel-git\\vezbanje\\vendor\\laravel\\framework\\src\\Illuminate\\Container\\Container.php(819): Illuminate\\Container\\Container->build()
#13 D:\\Laravel\\Laravel-git\\vezbanje\\vendor\\laravel\\framework\\src\\Illuminate\\Foundation\\Application.php(1074): Illuminate\\Container\\Container->resolve()
#14 D:\\Laravel\\Laravel-git\\vezbanje\\vendor\\laravel\\framework\\src\\Illuminate\\Container\\Container.php(755): Illuminate\\Foundation\\Application->resolve()
#15 D:\\Laravel\\Laravel-git\\vezbanje\\vendor\\laravel\\framework\\src\\Illuminate\\Foundation\\Application.php(1056): Illuminate\\Container\\Container->make()
#16 D:\\Laravel\\Laravel-git\\vezbanje\\vendor\\laravel\\framework\\src\\Illuminate\\Foundation\\Http\\Kernel.php(258): Illuminate\\Foundation\\Application->make()
#17 D:\\Laravel\\Laravel-git\\vezbanje\\vendor\\laravel\\framework\\src\\Illuminate\\Foundation\\Http\\Kernel.php(216): Illuminate\\Foundation\\Http\\Kernel->terminateMiddleware()
#18 D:\\Laravel\\Laravel-git\\vezbanje\\vendor\\laravel\\framework\\src\\Illuminate\\Foundation\\Application.php(1218): Illuminate\\Foundation\\Http\\Kernel->terminate()
#19 D:\\Laravel\\Laravel-git\\vezbanje\\public\\index.php(17): Illuminate\\Foundation\\Application->handleRequest()
#20 D:\\Laravel\\Laravel-git\\vezbanje\\vendor\\laravel\\framework\\src\\Illuminate\\Foundation\\resources\\server.php(23): require_once('...')
#21 {main}
"} 
[2025-02-08 12:45:48] production.ERROR: No application encryption key has been specified. {"exception":"[object] (Illuminate\\Encryption\\MissingAppKeyException(code: 0): No application encryption key has been specified. at D:\\Laravel\\Laravel-git\\vezbanje\\vendor\\laravel\\framework\\src\\Illuminate\\Encryption\\EncryptionServiceProvider.php:83)
[stacktrace]
#0 D:\\Laravel\\Laravel-git\\vezbanje\\vendor\\laravel\\framework\\src\\Illuminate\\Support\\helpers.php(399): Illuminate\\Encryption\\EncryptionServiceProvider->Illuminate\\Encryption\\{closure}()
#1 D:\\Laravel\\Laravel-git\\vezbanje\\vendor\\laravel\\framework\\src\\Illuminate\\Encryption\\EncryptionServiceProvider.php(81): tap()
#2 D:\\Laravel\\Laravel-git\\vezbanje\\vendor\\laravel\\framework\\src\\Illuminate\\Encryption\\EncryptionServiceProvider.php(64): Illuminate\\Encryption\\EncryptionServiceProvider->key()
#3 D:\\Laravel\\Laravel-git\\vezbanje\\vendor\\laravel\\framework\\src\\Illuminate\\Encryption\\EncryptionServiceProvider.php(32): Illuminate\\Encryption\\EncryptionServiceProvider->parseKey()
#4 D:\\Laravel\\Laravel-git\\vezbanje\\vendor\\laravel\\framework\\src\\Illuminate\\Container\\Container.php(937): Illuminate\\Encryption\\EncryptionServiceProvider->Illuminate\\Encryption\\{closure}()
#5 D:\\Laravel\\Laravel-git\\vezbanje\\vendor\\laravel\\framework\\src\\Illuminate\\Container\\Container.php(819): Illuminate\\Container\\Container->build()
#6 D:\\Laravel\\Laravel-git\\vezbanje\\vendor\\laravel\\framework\\src\\Illuminate\\Foundation\\Application.php(1074): Illuminate\\Container\\Container->resolve()
#7 D:\\Laravel\\Laravel-git\\vezbanje\\vendor\\laravel\\framework\\src\\Illuminate\\Container\\Container.php(755): Illuminate\\Foundation\\Application->resolve()
#8 D:\\Laravel\\Laravel-git\\vezbanje\\vendor\\laravel\\framework\\src\\Illuminate\\Foundation\\Application.php(1056): Illuminate\\Container\\Container->make()
#9 D:\\Laravel\\Laravel-git\\vezbanje\\vendor\\laravel\\framework\\src\\Illuminate\\Container\\Container.php(1118): Illuminate\\Foundation\\Application->make()
#10 D:\\Laravel\\Laravel-git\\vezbanje\\vendor\\laravel\\framework\\src\\Illuminate\\Container\\Container.php(1028): Illuminate\\Container\\Container->resolveClass()
#11 D:\\Laravel\\Laravel-git\\vezbanje\\vendor\\laravel\\framework\\src\\Illuminate\\Container\\Container.php(979): Illuminate\\Container\\Container->resolveDependencies()
#12 D:\\Laravel\\Laravel-git\\vezbanje\\vendor\\laravel\\framework\\src\\Illuminate\\Container\\Container.php(819): Illuminate\\Container\\Container->build()
#13 D:\\Laravel\\Laravel-git\\vezbanje\\vendor\\laravel\\framework\\src\\Illuminate\\Foundation\\Application.php(1074): Illuminate\\Container\\Container->resolve()
#14 D:\\Laravel\\Laravel-git\\vezbanje\\vendor\\laravel\\framework\\src\\Illuminate\\Container\\Container.php(755): Illuminate\\Foundation\\Application->resolve()
#15 D:\\Laravel\\Laravel-git\\vezbanje\\vendor\\laravel\\framework\\src\\Illuminate\\Foundation\\Application.php(1056): Illuminate\\Container\\Container->make()
#16 D:\\Laravel\\Laravel-git\\vezbanje\\vendor\\laravel\\framework\\src\\Illuminate\\Pipeline\\Pipeline.php(198): Illuminate\\Foundation\\Application->make()
#17 D:\\Laravel\\Laravel-git\\vezbanje\\vendor\\laravel\\framework\\src\\Illuminate\\Pipeline\\Pipeline.php(127): Illuminate\\Pipeline\\Pipeline->Illuminate\\Pipeline\\{closure}()
#18 D:\\Laravel\\Laravel-git\\vezbanje\\vendor\\laravel\\framework\\src\\Illuminate\\Routing\\Router.php(807): Illuminate\\Pipeline\\Pipeline->then()
#19 D:\\Laravel\\Laravel-git\\vezbanje\\vendor\\laravel\\framework\\src\\Illuminate\\Routing\\Router.php(786): Illuminate\\Routing\\Router->runRouteWithinStack()
#20 D:\\Laravel\\Laravel-git\\vezbanje\\vendor\\laravel\\framework\\src\\Illuminate\\Routing\\Router.php(750): Illuminate\\Routing\\Router->runRoute()
#21 D:\\Laravel\\Laravel-git\\vezbanje\\vendor\\laravel\\framework\\src\\Illuminate\\Routing\\Router.php(739): Illuminate\\Routing\\Router->dispatchToRoute()
#22 D:\\Laravel\\Laravel-git\\vezbanje\\vendor\\laravel\\framework\\src\\Illuminate\\Foundation\\Http\\Kernel.php(201): Illuminate\\Routing\\Router->dispatch()
#23 D:\\Laravel\\Laravel-git\\vezbanje\\vendor\\laravel\\framework\\src\\Illuminate\\Pipeline\\Pipeline.php(170): Illuminate\\Foundation\\Http\\Kernel->Illuminate\\Foundation\\Http\\{closure}()
#24 D:\\Laravel\\Laravel-git\\vezbanje\\vendor\\laravel\\framework\\src\\Illuminate\\Foundation\\Http\\Middleware\\TransformsRequest.php(21): Illuminate\\Pipeline\\Pipeline->Illuminate\\Pipeline\\{closure}()
#25 D:\\Laravel\\Laravel-git\\vezbanje\\vendor\\laravel\\framework\\src\\Illuminate\\Foundation\\Http\\Middleware\\ConvertEmptyStringsToNull.php(31): Illuminate\\Foundation\\Http\\Middleware\\TransformsRequest->handle()
#26 D:\\Laravel\\Laravel-git\\vezbanje\\vendor\\laravel\\framework\\src\\Illuminate\\Pipeline\\Pipeline.php(209): Illuminate\\Foundation\\Http\\Middleware\\ConvertEmptyStringsToNull->handle()
#27 D:\\Laravel\\Laravel-git\\vezbanje\\vendor\\laravel\\framework\\src\\Illuminate\\Foundation\\Http\\Middleware\\TransformsRequest.php(21): Illuminate\\Pipeline\\Pipeline->Illuminate\\Pipeline\\{closure}()
#28 D:\\Laravel\\Laravel-git\\vezbanje\\vendor\\laravel\\framework\\src\\Illuminate\\Foundation\\Http\\Middleware\\TrimStrings.php(51): Illuminate\\Foundation\\Http\\Middleware\\TransformsRequest->handle()
#29 D:\\Laravel\\Laravel-git\\vezbanje\\vendor\\laravel\\framework\\src\\Illuminate\\Pipeline\\Pipeline.php(209): Illuminate\\Foundation\\Http\\Middleware\\TrimStrings->handle()
#30 D:\\Laravel\\Laravel-git\\vezbanje\\vendor\\laravel\\framework\\src\\Illuminate\\Http\\Middleware\\ValidatePostSize.php(27): Illuminate\\Pipeline\\Pipeline->Illuminate\\Pipeline\\{closure}()
#31 D:\\Laravel\\Laravel-git\\vezbanje\\vendor\\laravel\\framework\\src\\Illuminate\\Pipeline\\Pipeline.php(209): Illuminate\\Http\\Middleware\\ValidatePostSize->handle()
#32 D:\\Laravel\\Laravel-git\\vezbanje\\vendor\\laravel\\framework\\src\\Illuminate\\Foundation\\Http\\Middleware\\PreventRequestsDuringMaintenance.php(110): Illuminate\\Pipeline\\Pipeline->Illuminate\\Pipeline\\{closure}()
#33 D:\\Laravel\\Laravel-git\\vezbanje\\vendor\\laravel\\framework\\src\\Illuminate\\Pipeline\\Pipeline.php(209): Illuminate\\Foundation\\Http\\Middleware\\PreventRequestsDuringMaintenance->handle()
#34 D:\\Laravel\\Laravel-git\\vezbanje\\vendor\\laravel\\framework\\src\\Illuminate\\Http\\Middleware\\HandleCors.php(49): Illuminate\\Pipeline\\Pipeline->Illuminate\\Pipeline\\{closure}()
#35 D:\\Laravel\\Laravel-git\\vezbanje\\vendor\\laravel\\framework\\src\\Illuminate\\Pipeline\\Pipeline.php(209): Illuminate\\Http\\Middleware\\HandleCors->handle()
#36 D:\\Laravel\\Laravel-git\\vezbanje\\vendor\\laravel\\framework\\src\\Illuminate\\Http\\Middleware\\TrustProxies.php(58): Illuminate\\Pipeline\\Pipeline->Illuminate\\Pipeline\\{closure}()
#37 D:\\Laravel\\Laravel-git\\vezbanje\\vendor\\laravel\\framework\\src\\Illuminate\\Pipeline\\Pipeline.php(209): Illuminate\\Http\\Middleware\\TrustProxies->handle()
#38 D:\\Laravel\\Laravel-git\\vezbanje\\vendor\\laravel\\framework\\src\\Illuminate\\Foundation\\Http\\Middleware\\InvokeDeferredCallbacks.php(22): Illuminate\\Pipeline\\Pipeline->Illuminate\\Pipeline\\{closure}()
#39 D:\\Laravel\\Laravel-git\\vezbanje\\vendor\\laravel\\framework\\src\\Illuminate\\Pipeline\\Pipeline.php(209): Illuminate\\Foundation\\Http\\Middleware\\InvokeDeferredCallbacks->handle()
#40 D:\\Laravel\\Laravel-git\\vezbanje\\vendor\\laravel\\framework\\src\\Illuminate\\Pipeline\\Pipeline.php(127): Illuminate\\Pipeline\\Pipeline->Illuminate\\Pipeline\\{closure}()
#41 D:\\Laravel\\Laravel-git\\vezbanje\\vendor\\laravel\\framework\\src\\Illuminate\\Foundation\\Http\\Kernel.php(176): Illuminate\\Pipeline\\Pipeline->then()
#42 D:\\Laravel\\Laravel-git\\vezbanje\\vendor\\laravel\\framework\\src\\Illuminate\\Foundation\\Http\\Kernel.php(145): Illuminate\\Foundation\\Http\\Kernel->sendRequestThroughRouter()
#43 D:\\Laravel\\Laravel-git\\vezbanje\\vendor\\laravel\\framework\\src\\Illuminate\\Foundation\\Application.php(1216): Illuminate\\Foundation\\Http\\Kernel->handle()
#44 D:\\Laravel\\Laravel-git\\vezbanje\\public\\index.php(17): Illuminate\\Foundation\\Application->handleRequest()
#45 D:\\Laravel\\Laravel-git\\vezbanje\\vendor\\laravel\\framework\\src\\Illuminate\\Foundation\\resources\\server.php(23): require_once('...')
#46 {main}
"} 
[2025-02-08 12:45:48] production.ERROR: No application encryption key has been specified. {"exception":"[object] (Illuminate\\Encryption\\MissingAppKeyException(code: 0): No application encryption key has been specified. at D:\\Laravel\\Laravel-git\\vezbanje\\vendor\\laravel\\framework\\src\\Illuminate\\Encryption\\EncryptionServiceProvider.php:83)
[stacktrace]
#0 D:\\Laravel\\Laravel-git\\vezbanje\\vendor\\laravel\\framework\\src\\Illuminate\\Support\\helpers.php(399): Illuminate\\Encryption\\EncryptionServiceProvider->Illuminate\\Encryption\\{closure}()
#1 D:\\Laravel\\Laravel-git\\vezbanje\\vendor\\laravel\\framework\\src\\Illuminate\\Encryption\\EncryptionServiceProvider.php(81): tap()
#2 D:\\Laravel\\Laravel-git\\vezbanje\\vendor\\laravel\\framework\\src\\Illuminate\\Encryption\\EncryptionServiceProvider.php(64): Illuminate\\Encryption\\EncryptionServiceProvider->key()
#3 D:\\Laravel\\Laravel-git\\vezbanje\\vendor\\laravel\\framework\\src\\Illuminate\\Encryption\\EncryptionServiceProvider.php(32): Illuminate\\Encryption\\EncryptionServiceProvider->parseKey()
#4 D:\\Laravel\\Laravel-git\\vezbanje\\vendor\\laravel\\framework\\src\\Illuminate\\Container\\Container.php(937): Illuminate\\Encryption\\EncryptionServiceProvider->Illuminate\\Encryption\\{closure}()
#5 D:\\Laravel\\Laravel-git\\vezbanje\\vendor\\laravel\\framework\\src\\Illuminate\\Container\\Container.php(819): Illuminate\\Container\\Container->build()
#6 D:\\Laravel\\Laravel-git\\vezbanje\\vendor\\laravel\\framework\\src\\Illuminate\\Foundation\\Application.php(1074): Illuminate\\Container\\Container->resolve()
#7 D:\\Laravel\\Laravel-git\\vezbanje\\vendor\\laravel\\framework\\src\\Illuminate\\Container\\Container.php(755): Illuminate\\Foundation\\Application->resolve()
#8 D:\\Laravel\\Laravel-git\\vezbanje\\vendor\\laravel\\framework\\src\\Illuminate\\Foundation\\Application.php(1056): Illuminate\\Container\\Container->make()
#9 D:\\Laravel\\Laravel-git\\vezbanje\\vendor\\laravel\\framework\\src\\Illuminate\\Container\\Container.php(1118): Illuminate\\Foundation\\Application->make()
#10 D:\\Laravel\\Laravel-git\\vezbanje\\vendor\\laravel\\framework\\src\\Illuminate\\Container\\Container.php(1028): Illuminate\\Container\\Container->resolveClass()
#11 D:\\Laravel\\Laravel-git\\vezbanje\\vendor\\laravel\\framework\\src\\Illuminate\\Container\\Container.php(979): Illuminate\\Container\\Container->resolveDependencies()
#12 D:\\Laravel\\Laravel-git\\vezbanje\\vendor\\laravel\\framework\\src\\Illuminate\\Container\\Container.php(819): Illuminate\\Container\\Container->build()
#13 D:\\Laravel\\Laravel-git\\vezbanje\\vendor\\laravel\\framework\\src\\Illuminate\\Foundation\\Application.php(1074): Illuminate\\Container\\Container->resolve()
#14 D:\\Laravel\\Laravel-git\\vezbanje\\vendor\\laravel\\framework\\src\\Illuminate\\Container\\Container.php(755): Illuminate\\Foundation\\Application->resolve()
#15 D:\\Laravel\\Laravel-git\\vezbanje\\vendor\\laravel\\framework\\src\\Illuminate\\Foundation\\Application.php(1056): Illuminate\\Container\\Container->make()
#16 D:\\Laravel\\Laravel-git\\vezbanje\\vendor\\laravel\\framework\\src\\Illuminate\\Foundation\\Http\\Kernel.php(258): Illuminate\\Foundation\\Application->make()
#17 D:\\Laravel\\Laravel-git\\vezbanje\\vendor\\laravel\\framework\\src\\Illuminate\\Foundation\\Http\\Kernel.php(216): Illuminate\\Foundation\\Http\\Kernel->terminateMiddleware()
#18 D:\\Laravel\\Laravel-git\\vezbanje\\vendor\\laravel\\framework\\src\\Illuminate\\Foundation\\Application.php(1218): Illuminate\\Foundation\\Http\\Kernel->terminate()
#19 D:\\Laravel\\Laravel-git\\vezbanje\\public\\index.php(17): Illuminate\\Foundation\\Application->handleRequest()
#20 D:\\Laravel\\Laravel-git\\vezbanje\\vendor\\laravel\\framework\\src\\Illuminate\\Foundation\\resources\\server.php(23): require_once('...')
#21 {main}
"} 
[2025-02-08 12:47:51] local.ERROR: No application encryption key has been specified. {"exception":"[object] (Illuminate\\Encryption\\MissingAppKeyException(code: 0): No application encryption key has been specified. at D:\\Laravel\\Laravel-git\\vezbanje\\vendor\\laravel\\framework\\src\\Illuminate\\Encryption\\EncryptionServiceProvider.php:83)
[stacktrace]
#0 D:\\Laravel\\Laravel-git\\vezbanje\\vendor\\laravel\\framework\\src\\Illuminate\\Support\\helpers.php(399): Illuminate\\Encryption\\EncryptionServiceProvider->Illuminate\\Encryption\\{closure}()
#1 D:\\Laravel\\Laravel-git\\vezbanje\\vendor\\laravel\\framework\\src\\Illuminate\\Encryption\\EncryptionServiceProvider.php(81): tap()
#2 D:\\Laravel\\Laravel-git\\vezbanje\\vendor\\laravel\\framework\\src\\Illuminate\\Encryption\\EncryptionServiceProvider.php(64): Illuminate\\Encryption\\EncryptionServiceProvider->key()
#3 D:\\Laravel\\Laravel-git\\vezbanje\\vendor\\laravel\\framework\\src\\Illuminate\\Encryption\\EncryptionServiceProvider.php(32): Illuminate\\Encryption\\EncryptionServiceProvider->parseKey()
#4 D:\\Laravel\\Laravel-git\\vezbanje\\vendor\\laravel\\framework\\src\\Illuminate\\Container\\Container.php(937): Illuminate\\Encryption\\EncryptionServiceProvider->Illuminate\\Encryption\\{closure}()
#5 D:\\Laravel\\Laravel-git\\vezbanje\\vendor\\laravel\\framework\\src\\Illuminate\\Container\\Container.php(819): Illuminate\\Container\\Container->build()
#6 D:\\Laravel\\Laravel-git\\vezbanje\\vendor\\laravel\\framework\\src\\Illuminate\\Foundation\\Application.php(1074): Illuminate\\Container\\Container->resolve()
#7 D:\\Laravel\\Laravel-git\\vezbanje\\vendor\\laravel\\framework\\src\\Illuminate\\Container\\Container.php(755): Illuminate\\Foundation\\Application->resolve()
#8 D:\\Laravel\\Laravel-git\\vezbanje\\vendor\\laravel\\framework\\src\\Illuminate\\Foundation\\Application.php(1056): Illuminate\\Container\\Container->make()
#9 D:\\Laravel\\Laravel-git\\vezbanje\\vendor\\laravel\\framework\\src\\Illuminate\\Container\\Container.php(1118): Illuminate\\Foundation\\Application->make()
#10 D:\\Laravel\\Laravel-git\\vezbanje\\vendor\\laravel\\framework\\src\\Illuminate\\Container\\Container.php(1028): Illuminate\\Container\\Container->resolveClass()
#11 D:\\Laravel\\Laravel-git\\vezbanje\\vendor\\laravel\\framework\\src\\Illuminate\\Container\\Container.php(979): Illuminate\\Container\\Container->resolveDependencies()
#12 D:\\Laravel\\Laravel-git\\vezbanje\\vendor\\laravel\\framework\\src\\Illuminate\\Container\\Container.php(819): Illuminate\\Container\\Container->build()
#13 D:\\Laravel\\Laravel-git\\vezbanje\\vendor\\laravel\\framework\\src\\Illuminate\\Foundation\\Application.php(1074): Illuminate\\Container\\Container->resolve()
#14 D:\\Laravel\\Laravel-git\\vezbanje\\vendor\\laravel\\framework\\src\\Illuminate\\Container\\Container.php(755): Illuminate\\Foundation\\Application->resolve()
#15 D:\\Laravel\\Laravel-git\\vezbanje\\vendor\\laravel\\framework\\src\\Illuminate\\Foundation\\Application.php(1056): Illuminate\\Container\\Container->make()
#16 D:\\Laravel\\Laravel-git\\vezbanje\\vendor\\laravel\\framework\\src\\Illuminate\\Pipeline\\Pipeline.php(198): Illuminate\\Foundation\\Application->make()
#17 D:\\Laravel\\Laravel-git\\vezbanje\\vendor\\laravel\\framework\\src\\Illuminate\\Pipeline\\Pipeline.php(127): Illuminate\\Pipeline\\Pipeline->Illuminate\\Pipeline\\{closure}()
#18 D:\\Laravel\\Laravel-git\\vezbanje\\vendor\\laravel\\framework\\src\\Illuminate\\Routing\\Router.php(807): Illuminate\\Pipeline\\Pipeline->then()
#19 D:\\Laravel\\Laravel-git\\vezbanje\\vendor\\laravel\\framework\\src\\Illuminate\\Routing\\Router.php(786): Illuminate\\Routing\\Router->runRouteWithinStack()
#20 D:\\Laravel\\Laravel-git\\vezbanje\\vendor\\laravel\\framework\\src\\Illuminate\\Routing\\Router.php(750): Illuminate\\Routing\\Router->runRoute()
#21 D:\\Laravel\\Laravel-git\\vezbanje\\vendor\\laravel\\framework\\src\\Illuminate\\Routing\\Router.php(739): Illuminate\\Routing\\Router->dispatchToRoute()
#22 D:\\Laravel\\Laravel-git\\vezbanje\\vendor\\laravel\\framework\\src\\Illuminate\\Foundation\\Http\\Kernel.php(201): Illuminate\\Routing\\Router->dispatch()
#23 D:\\Laravel\\Laravel-git\\vezbanje\\vendor\\laravel\\framework\\src\\Illuminate\\Pipeline\\Pipeline.php(170): Illuminate\\Foundation\\Http\\Kernel->Illuminate\\Foundation\\Http\\{closure}()
#24 D:\\Laravel\\Laravel-git\\vezbanje\\vendor\\laravel\\framework\\src\\Illuminate\\Foundation\\Http\\Middleware\\TransformsRequest.php(21): Illuminate\\Pipeline\\Pipeline->Illuminate\\Pipeline\\{closure}()
#25 D:\\Laravel\\Laravel-git\\vezbanje\\vendor\\laravel\\framework\\src\\Illuminate\\Foundation\\Http\\Middleware\\ConvertEmptyStringsToNull.php(31): Illuminate\\Foundation\\Http\\Middleware\\TransformsRequest->handle()
#26 D:\\Laravel\\Laravel-git\\vezbanje\\vendor\\laravel\\framework\\src\\Illuminate\\Pipeline\\Pipeline.php(209): Illuminate\\Foundation\\Http\\Middleware\\ConvertEmptyStringsToNull->handle()
#27 D:\\Laravel\\Laravel-git\\vezbanje\\vendor\\laravel\\framework\\src\\Illuminate\\Foundation\\Http\\Middleware\\TransformsRequest.php(21): Illuminate\\Pipeline\\Pipeline->Illuminate\\Pipeline\\{closure}()
#28 D:\\Laravel\\Laravel-git\\vezbanje\\vendor\\laravel\\framework\\src\\Illuminate\\Foundation\\Http\\Middleware\\TrimStrings.php(51): Illuminate\\Foundation\\Http\\Middleware\\TransformsRequest->handle()
#29 D:\\Laravel\\Laravel-git\\vezbanje\\vendor\\laravel\\framework\\src\\Illuminate\\Pipeline\\Pipeline.php(209): Illuminate\\Foundation\\Http\\Middleware\\TrimStrings->handle()
#30 D:\\Laravel\\Laravel-git\\vezbanje\\vendor\\laravel\\framework\\src\\Illuminate\\Http\\Middleware\\ValidatePostSize.php(27): Illuminate\\Pipeline\\Pipeline->Illuminate\\Pipeline\\{closure}()
#31 D:\\Laravel\\Laravel-git\\vezbanje\\vendor\\laravel\\framework\\src\\Illuminate\\Pipeline\\Pipeline.php(209): Illuminate\\Http\\Middleware\\ValidatePostSize->handle()
#32 D:\\Laravel\\Laravel-git\\vezbanje\\vendor\\laravel\\framework\\src\\Illuminate\\Foundation\\Http\\Middleware\\PreventRequestsDuringMaintenance.php(110): Illuminate\\Pipeline\\Pipeline->Illuminate\\Pipeline\\{closure}()
#33 D:\\Laravel\\Laravel-git\\vezbanje\\vendor\\laravel\\framework\\src\\Illuminate\\Pipeline\\Pipeline.php(209): Illuminate\\Foundation\\Http\\Middleware\\PreventRequestsDuringMaintenance->handle()
#34 D:\\Laravel\\Laravel-git\\vezbanje\\vendor\\laravel\\framework\\src\\Illuminate\\Http\\Middleware\\HandleCors.php(49): Illuminate\\Pipeline\\Pipeline->Illuminate\\Pipeline\\{closure}()
#35 D:\\Laravel\\Laravel-git\\vezbanje\\vendor\\laravel\\framework\\src\\Illuminate\\Pipeline\\Pipeline.php(209): Illuminate\\Http\\Middleware\\HandleCors->handle()
#36 D:\\Laravel\\Laravel-git\\vezbanje\\vendor\\laravel\\framework\\src\\Illuminate\\Http\\Middleware\\TrustProxies.php(58): Illuminate\\Pipeline\\Pipeline->Illuminate\\Pipeline\\{closure}()
#37 D:\\Laravel\\Laravel-git\\vezbanje\\vendor\\laravel\\framework\\src\\Illuminate\\Pipeline\\Pipeline.php(209): Illuminate\\Http\\Middleware\\TrustProxies->handle()
#38 D:\\Laravel\\Laravel-git\\vezbanje\\vendor\\laravel\\framework\\src\\Illuminate\\Foundation\\Http\\Middleware\\InvokeDeferredCallbacks.php(22): Illuminate\\Pipeline\\Pipeline->Illuminate\\Pipeline\\{closure}()
#39 D:\\Laravel\\Laravel-git\\vezbanje\\vendor\\laravel\\framework\\src\\Illuminate\\Pipeline\\Pipeline.php(209): Illuminate\\Foundation\\Http\\Middleware\\InvokeDeferredCallbacks->handle()
#40 D:\\Laravel\\Laravel-git\\vezbanje\\vendor\\laravel\\framework\\src\\Illuminate\\Pipeline\\Pipeline.php(127): Illuminate\\Pipeline\\Pipeline->Illuminate\\Pipeline\\{closure}()
#41 D:\\Laravel\\Laravel-git\\vezbanje\\vendor\\laravel\\framework\\src\\Illuminate\\Foundation\\Http\\Kernel.php(176): Illuminate\\Pipeline\\Pipeline->then()
#42 D:\\Laravel\\Laravel-git\\vezbanje\\vendor\\laravel\\framework\\src\\Illuminate\\Foundation\\Http\\Kernel.php(145): Illuminate\\Foundation\\Http\\Kernel->sendRequestThroughRouter()
#43 D:\\Laravel\\Laravel-git\\vezbanje\\vendor\\laravel\\framework\\src\\Illuminate\\Foundation\\Application.php(1216): Illuminate\\Foundation\\Http\\Kernel->handle()
#44 D:\\Laravel\\Laravel-git\\vezbanje\\public\\index.php(17): Illuminate\\Foundation\\Application->handleRequest()
#45 D:\\Laravel\\Laravel-git\\vezbanje\\vendor\\laravel\\framework\\src\\Illuminate\\Foundation\\resources\\server.php(23): require_once('...')
#46 {main}
"} 
[2025-02-08 12:47:57] local.ERROR: No application encryption key has been specified. {"exception":"[object] (Illuminate\\Encryption\\MissingAppKeyException(code: 0): No application encryption key has been specified. at D:\\Laravel\\Laravel-git\\vezbanje\\vendor\\laravel\\framework\\src\\Illuminate\\Encryption\\EncryptionServiceProvider.php:83)
[stacktrace]
#0 D:\\Laravel\\Laravel-git\\vezbanje\\vendor\\laravel\\framework\\src\\Illuminate\\Support\\helpers.php(399): Illuminate\\Encryption\\EncryptionServiceProvider->Illuminate\\Encryption\\{closure}()
#1 D:\\Laravel\\Laravel-git\\vezbanje\\vendor\\laravel\\framework\\src\\Illuminate\\Encryption\\EncryptionServiceProvider.php(81): tap()
#2 D:\\Laravel\\Laravel-git\\vezbanje\\vendor\\laravel\\framework\\src\\Illuminate\\Encryption\\EncryptionServiceProvider.php(64): Illuminate\\Encryption\\EncryptionServiceProvider->key()
#3 D:\\Laravel\\Laravel-git\\vezbanje\\vendor\\laravel\\framework\\src\\Illuminate\\Encryption\\EncryptionServiceProvider.php(32): Illuminate\\Encryption\\EncryptionServiceProvider->parseKey()
#4 D:\\Laravel\\Laravel-git\\vezbanje\\vendor\\laravel\\framework\\src\\Illuminate\\Container\\Container.php(937): Illuminate\\Encryption\\EncryptionServiceProvider->Illuminate\\Encryption\\{closure}()
#5 D:\\Laravel\\Laravel-git\\vezbanje\\vendor\\laravel\\framework\\src\\Illuminate\\Container\\Container.php(819): Illuminate\\Container\\Container->build()
#6 D:\\Laravel\\Laravel-git\\vezbanje\\vendor\\laravel\\framework\\src\\Illuminate\\Foundation\\Application.php(1074): Illuminate\\Container\\Container->resolve()
#7 D:\\Laravel\\Laravel-git\\vezbanje\\vendor\\laravel\\framework\\src\\Illuminate\\Container\\Container.php(755): Illuminate\\Foundation\\Application->resolve()
#8 D:\\Laravel\\Laravel-git\\vezbanje\\vendor\\laravel\\framework\\src\\Illuminate\\Foundation\\Application.php(1056): Illuminate\\Container\\Container->make()
#9 D:\\Laravel\\Laravel-git\\vezbanje\\vendor\\laravel\\framework\\src\\Illuminate\\Container\\Container.php(1118): Illuminate\\Foundation\\Application->make()
#10 D:\\Laravel\\Laravel-git\\vezbanje\\vendor\\laravel\\framework\\src\\Illuminate\\Container\\Container.php(1028): Illuminate\\Container\\Container->resolveClass()
#11 D:\\Laravel\\Laravel-git\\vezbanje\\vendor\\laravel\\framework\\src\\Illuminate\\Container\\Container.php(979): Illuminate\\Container\\Container->resolveDependencies()
#12 D:\\Laravel\\Laravel-git\\vezbanje\\vendor\\laravel\\framework\\src\\Illuminate\\Container\\Container.php(819): Illuminate\\Container\\Container->build()
#13 D:\\Laravel\\Laravel-git\\vezbanje\\vendor\\laravel\\framework\\src\\Illuminate\\Foundation\\Application.php(1074): Illuminate\\Container\\Container->resolve()
#14 D:\\Laravel\\Laravel-git\\vezbanje\\vendor\\laravel\\framework\\src\\Illuminate\\Container\\Container.php(755): Illuminate\\Foundation\\Application->resolve()
#15 D:\\Laravel\\Laravel-git\\vezbanje\\vendor\\laravel\\framework\\src\\Illuminate\\Foundation\\Application.php(1056): Illuminate\\Container\\Container->make()
#16 D:\\Laravel\\Laravel-git\\vezbanje\\vendor\\laravel\\framework\\src\\Illuminate\\Foundation\\Http\\Kernel.php(258): Illuminate\\Foundation\\Application->make()
#17 D:\\Laravel\\Laravel-git\\vezbanje\\vendor\\laravel\\framework\\src\\Illuminate\\Foundation\\Http\\Kernel.php(216): Illuminate\\Foundation\\Http\\Kernel->terminateMiddleware()
#18 D:\\Laravel\\Laravel-git\\vezbanje\\vendor\\laravel\\framework\\src\\Illuminate\\Foundation\\Application.php(1218): Illuminate\\Foundation\\Http\\Kernel->terminate()
#19 D:\\Laravel\\Laravel-git\\vezbanje\\public\\index.php(17): Illuminate\\Foundation\\Application->handleRequest()
#20 D:\\Laravel\\Laravel-git\\vezbanje\\vendor\\laravel\\framework\\src\\Illuminate\\Foundation\\resources\\server.php(23): require_once('...')
#21 {main}
"} 
[2025-02-08 12:48:43] local.ERROR: No application encryption key has been specified. {"exception":"[object] (Illuminate\\Encryption\\MissingAppKeyException(code: 0): No application encryption key has been specified. at D:\\Laravel\\Laravel-git\\vezbanje\\vendor\\laravel\\framework\\src\\Illuminate\\Encryption\\EncryptionServiceProvider.php:83)
[stacktrace]
#0 D:\\Laravel\\Laravel-git\\vezbanje\\vendor\\laravel\\framework\\src\\Illuminate\\Support\\helpers.php(399): Illuminate\\Encryption\\EncryptionServiceProvider->Illuminate\\Encryption\\{closure}()
#1 D:\\Laravel\\Laravel-git\\vezbanje\\vendor\\laravel\\framework\\src\\Illuminate\\Encryption\\EncryptionServiceProvider.php(81): tap()
#2 D:\\Laravel\\Laravel-git\\vezbanje\\vendor\\laravel\\framework\\src\\Illuminate\\Encryption\\EncryptionServiceProvider.php(64): Illuminate\\Encryption\\EncryptionServiceProvider->key()
#3 D:\\Laravel\\Laravel-git\\vezbanje\\vendor\\laravel\\framework\\src\\Illuminate\\Encryption\\EncryptionServiceProvider.php(32): Illuminate\\Encryption\\EncryptionServiceProvider->parseKey()
#4 D:\\Laravel\\Laravel-git\\vezbanje\\vendor\\laravel\\framework\\src\\Illuminate\\Container\\Container.php(937): Illuminate\\Encryption\\EncryptionServiceProvider->Illuminate\\Encryption\\{closure}()
#5 D:\\Laravel\\Laravel-git\\vezbanje\\vendor\\laravel\\framework\\src\\Illuminate\\Container\\Container.php(819): Illuminate\\Container\\Container->build()
#6 D:\\Laravel\\Laravel-git\\vezbanje\\vendor\\laravel\\framework\\src\\Illuminate\\Foundation\\Application.php(1074): Illuminate\\Container\\Container->resolve()
#7 D:\\Laravel\\Laravel-git\\vezbanje\\vendor\\laravel\\framework\\src\\Illuminate\\Container\\Container.php(755): Illuminate\\Foundation\\Application->resolve()
#8 D:\\Laravel\\Laravel-git\\vezbanje\\vendor\\laravel\\framework\\src\\Illuminate\\Foundation\\Application.php(1056): Illuminate\\Container\\Container->make()
#9 D:\\Laravel\\Laravel-git\\vezbanje\\vendor\\laravel\\framework\\src\\Illuminate\\Container\\Container.php(1118): Illuminate\\Foundation\\Application->make()
#10 D:\\Laravel\\Laravel-git\\vezbanje\\vendor\\laravel\\framework\\src\\Illuminate\\Container\\Container.php(1028): Illuminate\\Container\\Container->resolveClass()
#11 D:\\Laravel\\Laravel-git\\vezbanje\\vendor\\laravel\\framework\\src\\Illuminate\\Container\\Container.php(979): Illuminate\\Container\\Container->resolveDependencies()
#12 D:\\Laravel\\Laravel-git\\vezbanje\\vendor\\laravel\\framework\\src\\Illuminate\\Container\\Container.php(819): Illuminate\\Container\\Container->build()
#13 D:\\Laravel\\Laravel-git\\vezbanje\\vendor\\laravel\\framework\\src\\Illuminate\\Foundation\\Application.php(1074): Illuminate\\Container\\Container->resolve()
#14 D:\\Laravel\\Laravel-git\\vezbanje\\vendor\\laravel\\framework\\src\\Illuminate\\Container\\Container.php(755): Illuminate\\Foundation\\Application->resolve()
#15 D:\\Laravel\\Laravel-git\\vezbanje\\vendor\\laravel\\framework\\src\\Illuminate\\Foundation\\Application.php(1056): Illuminate\\Container\\Container->make()
#16 D:\\Laravel\\Laravel-git\\vezbanje\\vendor\\laravel\\framework\\src\\Illuminate\\Pipeline\\Pipeline.php(198): Illuminate\\Foundation\\Application->make()
#17 D:\\Laravel\\Laravel-git\\vezbanje\\vendor\\laravel\\framework\\src\\Illuminate\\Pipeline\\Pipeline.php(127): Illuminate\\Pipeline\\Pipeline->Illuminate\\Pipeline\\{closure}()
#18 D:\\Laravel\\Laravel-git\\vezbanje\\vendor\\laravel\\framework\\src\\Illuminate\\Routing\\Router.php(807): Illuminate\\Pipeline\\Pipeline->then()
#19 D:\\Laravel\\Laravel-git\\vezbanje\\vendor\\laravel\\framework\\src\\Illuminate\\Routing\\Router.php(786): Illuminate\\Routing\\Router->runRouteWithinStack()
#20 D:\\Laravel\\Laravel-git\\vezbanje\\vendor\\laravel\\framework\\src\\Illuminate\\Routing\\Router.php(750): Illuminate\\Routing\\Router->runRoute()
#21 D:\\Laravel\\Laravel-git\\vezbanje\\vendor\\laravel\\framework\\src\\Illuminate\\Routing\\Router.php(739): Illuminate\\Routing\\Router->dispatchToRoute()
#22 D:\\Laravel\\Laravel-git\\vezbanje\\vendor\\laravel\\framework\\src\\Illuminate\\Foundation\\Http\\Kernel.php(201): Illuminate\\Routing\\Router->dispatch()
#23 D:\\Laravel\\Laravel-git\\vezbanje\\vendor\\laravel\\framework\\src\\Illuminate\\Pipeline\\Pipeline.php(170): Illuminate\\Foundation\\Http\\Kernel->Illuminate\\Foundation\\Http\\{closure}()
#24 D:\\Laravel\\Laravel-git\\vezbanje\\vendor\\laravel\\framework\\src\\Illuminate\\Foundation\\Http\\Middleware\\TransformsRequest.php(21): Illuminate\\Pipeline\\Pipeline->Illuminate\\Pipeline\\{closure}()
#25 D:\\Laravel\\Laravel-git\\vezbanje\\vendor\\laravel\\framework\\src\\Illuminate\\Foundation\\Http\\Middleware\\ConvertEmptyStringsToNull.php(31): Illuminate\\Foundation\\Http\\Middleware\\TransformsRequest->handle()
#26 D:\\Laravel\\Laravel-git\\vezbanje\\vendor\\laravel\\framework\\src\\Illuminate\\Pipeline\\Pipeline.php(209): Illuminate\\Foundation\\Http\\Middleware\\ConvertEmptyStringsToNull->handle()
#27 D:\\Laravel\\Laravel-git\\vezbanje\\vendor\\laravel\\framework\\src\\Illuminate\\Foundation\\Http\\Middleware\\TransformsRequest.php(21): Illuminate\\Pipeline\\Pipeline->Illuminate\\Pipeline\\{closure}()
#28 D:\\Laravel\\Laravel-git\\vezbanje\\vendor\\laravel\\framework\\src\\Illuminate\\Foundation\\Http\\Middleware\\TrimStrings.php(51): Illuminate\\Foundation\\Http\\Middleware\\TransformsRequest->handle()
#29 D:\\Laravel\\Laravel-git\\vezbanje\\vendor\\laravel\\framework\\src\\Illuminate\\Pipeline\\Pipeline.php(209): Illuminate\\Foundation\\Http\\Middleware\\TrimStrings->handle()
#30 D:\\Laravel\\Laravel-git\\vezbanje\\vendor\\laravel\\framework\\src\\Illuminate\\Http\\Middleware\\ValidatePostSize.php(27): Illuminate\\Pipeline\\Pipeline->Illuminate\\Pipeline\\{closure}()
#31 D:\\Laravel\\Laravel-git\\vezbanje\\vendor\\laravel\\framework\\src\\Illuminate\\Pipeline\\Pipeline.php(209): Illuminate\\Http\\Middleware\\ValidatePostSize->handle()
#32 D:\\Laravel\\Laravel-git\\vezbanje\\vendor\\laravel\\framework\\src\\Illuminate\\Foundation\\Http\\Middleware\\PreventRequestsDuringMaintenance.php(110): Illuminate\\Pipeline\\Pipeline->Illuminate\\Pipeline\\{closure}()
#33 D:\\Laravel\\Laravel-git\\vezbanje\\vendor\\laravel\\framework\\src\\Illuminate\\Pipeline\\Pipeline.php(209): Illuminate\\Foundation\\Http\\Middleware\\PreventRequestsDuringMaintenance->handle()
#34 D:\\Laravel\\Laravel-git\\vezbanje\\vendor\\laravel\\framework\\src\\Illuminate\\Http\\Middleware\\HandleCors.php(49): Illuminate\\Pipeline\\Pipeline->Illuminate\\Pipeline\\{closure}()
#35 D:\\Laravel\\Laravel-git\\vezbanje\\vendor\\laravel\\framework\\src\\Illuminate\\Pipeline\\Pipeline.php(209): Illuminate\\Http\\Middleware\\HandleCors->handle()
#36 D:\\Laravel\\Laravel-git\\vezbanje\\vendor\\laravel\\framework\\src\\Illuminate\\Http\\Middleware\\TrustProxies.php(58): Illuminate\\Pipeline\\Pipeline->Illuminate\\Pipeline\\{closure}()
#37 D:\\Laravel\\Laravel-git\\vezbanje\\vendor\\laravel\\framework\\src\\Illuminate\\Pipeline\\Pipeline.php(209): Illuminate\\Http\\Middleware\\TrustProxies->handle()
#38 D:\\Laravel\\Laravel-git\\vezbanje\\vendor\\laravel\\framework\\src\\Illuminate\\Foundation\\Http\\Middleware\\InvokeDeferredCallbacks.php(22): Illuminate\\Pipeline\\Pipeline->Illuminate\\Pipeline\\{closure}()
#39 D:\\Laravel\\Laravel-git\\vezbanje\\vendor\\laravel\\framework\\src\\Illuminate\\Pipeline\\Pipeline.php(209): Illuminate\\Foundation\\Http\\Middleware\\InvokeDeferredCallbacks->handle()
#40 D:\\Laravel\\Laravel-git\\vezbanje\\vendor\\laravel\\framework\\src\\Illuminate\\Pipeline\\Pipeline.php(127): Illuminate\\Pipeline\\Pipeline->Illuminate\\Pipeline\\{closure}()
#41 D:\\Laravel\\Laravel-git\\vezbanje\\vendor\\laravel\\framework\\src\\Illuminate\\Foundation\\Http\\Kernel.php(176): Illuminate\\Pipeline\\Pipeline->then()
#42 D:\\Laravel\\Laravel-git\\vezbanje\\vendor\\laravel\\framework\\src\\Illuminate\\Foundation\\Http\\Kernel.php(145): Illuminate\\Foundation\\Http\\Kernel->sendRequestThroughRouter()
#43 D:\\Laravel\\Laravel-git\\vezbanje\\vendor\\laravel\\framework\\src\\Illuminate\\Foundation\\Application.php(1216): Illuminate\\Foundation\\Http\\Kernel->handle()
#44 D:\\Laravel\\Laravel-git\\vezbanje\\public\\index.php(17): Illuminate\\Foundation\\Application->handleRequest()
#45 D:\\Laravel\\Laravel-git\\vezbanje\\vendor\\laravel\\framework\\src\\Illuminate\\Foundation\\resources\\server.php(23): require_once('...')
#46 {main}
"} 
[2025-02-08 12:48:44] local.ERROR: No application encryption key has been specified. {"exception":"[object] (Illuminate\\Encryption\\MissingAppKeyException(code: 0): No application encryption key has been specified. at D:\\Laravel\\Laravel-git\\vezbanje\\vendor\\laravel\\framework\\src\\Illuminate\\Encryption\\EncryptionServiceProvider.php:83)
[stacktrace]
#0 D:\\Laravel\\Laravel-git\\vezbanje\\vendor\\laravel\\framework\\src\\Illuminate\\Support\\helpers.php(399): Illuminate\\Encryption\\EncryptionServiceProvider->Illuminate\\Encryption\\{closure}()
#1 D:\\Laravel\\Laravel-git\\vezbanje\\vendor\\laravel\\framework\\src\\Illuminate\\Encryption\\EncryptionServiceProvider.php(81): tap()
#2 D:\\Laravel\\Laravel-git\\vezbanje\\vendor\\laravel\\framework\\src\\Illuminate\\Encryption\\EncryptionServiceProvider.php(64): Illuminate\\Encryption\\EncryptionServiceProvider->key()
#3 D:\\Laravel\\Laravel-git\\vezbanje\\vendor\\laravel\\framework\\src\\Illuminate\\Encryption\\EncryptionServiceProvider.php(32): Illuminate\\Encryption\\EncryptionServiceProvider->parseKey()
#4 D:\\Laravel\\Laravel-git\\vezbanje\\vendor\\laravel\\framework\\src\\Illuminate\\Container\\Container.php(937): Illuminate\\Encryption\\EncryptionServiceProvider->Illuminate\\Encryption\\{closure}()
#5 D:\\Laravel\\Laravel-git\\vezbanje\\vendor\\laravel\\framework\\src\\Illuminate\\Container\\Container.php(819): Illuminate\\Container\\Container->build()
#6 D:\\Laravel\\Laravel-git\\vezbanje\\vendor\\laravel\\framework\\src\\Illuminate\\Foundation\\Application.php(1074): Illuminate\\Container\\Container->resolve()
#7 D:\\Laravel\\Laravel-git\\vezbanje\\vendor\\laravel\\framework\\src\\Illuminate\\Container\\Container.php(755): Illuminate\\Foundation\\Application->resolve()
#8 D:\\Laravel\\Laravel-git\\vezbanje\\vendor\\laravel\\framework\\src\\Illuminate\\Foundation\\Application.php(1056): Illuminate\\Container\\Container->make()
#9 D:\\Laravel\\Laravel-git\\vezbanje\\vendor\\laravel\\framework\\src\\Illuminate\\Container\\Container.php(1118): Illuminate\\Foundation\\Application->make()
#10 D:\\Laravel\\Laravel-git\\vezbanje\\vendor\\laravel\\framework\\src\\Illuminate\\Container\\Container.php(1028): Illuminate\\Container\\Container->resolveClass()
#11 D:\\Laravel\\Laravel-git\\vezbanje\\vendor\\laravel\\framework\\src\\Illuminate\\Container\\Container.php(979): Illuminate\\Container\\Container->resolveDependencies()
#12 D:\\Laravel\\Laravel-git\\vezbanje\\vendor\\laravel\\framework\\src\\Illuminate\\Container\\Container.php(819): Illuminate\\Container\\Container->build()
#13 D:\\Laravel\\Laravel-git\\vezbanje\\vendor\\laravel\\framework\\src\\Illuminate\\Foundation\\Application.php(1074): Illuminate\\Container\\Container->resolve()
#14 D:\\Laravel\\Laravel-git\\vezbanje\\vendor\\laravel\\framework\\src\\Illuminate\\Container\\Container.php(755): Illuminate\\Foundation\\Application->resolve()
#15 D:\\Laravel\\Laravel-git\\vezbanje\\vendor\\laravel\\framework\\src\\Illuminate\\Foundation\\Application.php(1056): Illuminate\\Container\\Container->make()
#16 D:\\Laravel\\Laravel-git\\vezbanje\\vendor\\laravel\\framework\\src\\Illuminate\\Foundation\\Http\\Kernel.php(258): Illuminate\\Foundation\\Application->make()
#17 D:\\Laravel\\Laravel-git\\vezbanje\\vendor\\laravel\\framework\\src\\Illuminate\\Foundation\\Http\\Kernel.php(216): Illuminate\\Foundation\\Http\\Kernel->terminateMiddleware()
#18 D:\\Laravel\\Laravel-git\\vezbanje\\vendor\\laravel\\framework\\src\\Illuminate\\Foundation\\Application.php(1218): Illuminate\\Foundation\\Http\\Kernel->terminate()
#19 D:\\Laravel\\Laravel-git\\vezbanje\\public\\index.php(17): Illuminate\\Foundation\\Application->handleRequest()
#20 D:\\Laravel\\Laravel-git\\vezbanje\\vendor\\laravel\\framework\\src\\Illuminate\\Foundation\\resources\\server.php(23): require_once('...')
#21 {main}
"} 
[2025-02-08 12:49:12] local.ERROR: No application encryption key has been specified. {"exception":"[object] (Illuminate\\Encryption\\MissingAppKeyException(code: 0): No application encryption key has been specified. at D:\\Laravel\\Laravel-git\\vezbanje\\vendor\\laravel\\framework\\src\\Illuminate\\Encryption\\EncryptionServiceProvider.php:83)
[stacktrace]
#0 D:\\Laravel\\Laravel-git\\vezbanje\\vendor\\laravel\\framework\\src\\Illuminate\\Support\\helpers.php(399): Illuminate\\Encryption\\EncryptionServiceProvider->Illuminate\\Encryption\\{closure}()
#1 D:\\Laravel\\Laravel-git\\vezbanje\\vendor\\laravel\\framework\\src\\Illuminate\\Encryption\\EncryptionServiceProvider.php(81): tap()
#2 D:\\Laravel\\Laravel-git\\vezbanje\\vendor\\laravel\\framework\\src\\Illuminate\\Encryption\\EncryptionServiceProvider.php(64): Illuminate\\Encryption\\EncryptionServiceProvider->key()
#3 D:\\Laravel\\Laravel-git\\vezbanje\\vendor\\laravel\\framework\\src\\Illuminate\\Encryption\\EncryptionServiceProvider.php(32): Illuminate\\Encryption\\EncryptionServiceProvider->parseKey()
#4 D:\\Laravel\\Laravel-git\\vezbanje\\vendor\\laravel\\framework\\src\\Illuminate\\Container\\Container.php(937): Illuminate\\Encryption\\EncryptionServiceProvider->Illuminate\\Encryption\\{closure}()
#5 D:\\Laravel\\Laravel-git\\vezbanje\\vendor\\laravel\\framework\\src\\Illuminate\\Container\\Container.php(819): Illuminate\\Container\\Container->build()
#6 D:\\Laravel\\Laravel-git\\vezbanje\\vendor\\laravel\\framework\\src\\Illuminate\\Foundation\\Application.php(1074): Illuminate\\Container\\Container->resolve()
#7 D:\\Laravel\\Laravel-git\\vezbanje\\vendor\\laravel\\framework\\src\\Illuminate\\Container\\Container.php(755): Illuminate\\Foundation\\Application->resolve()
#8 D:\\Laravel\\Laravel-git\\vezbanje\\vendor\\laravel\\framework\\src\\Illuminate\\Foundation\\Application.php(1056): Illuminate\\Container\\Container->make()
#9 D:\\Laravel\\Laravel-git\\vezbanje\\vendor\\laravel\\framework\\src\\Illuminate\\Container\\Container.php(1118): Illuminate\\Foundation\\Application->make()
#10 D:\\Laravel\\Laravel-git\\vezbanje\\vendor\\laravel\\framework\\src\\Illuminate\\Container\\Container.php(1028): Illuminate\\Container\\Container->resolveClass()
#11 D:\\Laravel\\Laravel-git\\vezbanje\\vendor\\laravel\\framework\\src\\Illuminate\\Container\\Container.php(979): Illuminate\\Container\\Container->resolveDependencies()
#12 D:\\Laravel\\Laravel-git\\vezbanje\\vendor\\laravel\\framework\\src\\Illuminate\\Container\\Container.php(819): Illuminate\\Container\\Container->build()
#13 D:\\Laravel\\Laravel-git\\vezbanje\\vendor\\laravel\\framework\\src\\Illuminate\\Foundation\\Application.php(1074): Illuminate\\Container\\Container->resolve()
#14 D:\\Laravel\\Laravel-git\\vezbanje\\vendor\\laravel\\framework\\src\\Illuminate\\Container\\Container.php(755): Illuminate\\Foundation\\Application->resolve()
#15 D:\\Laravel\\Laravel-git\\vezbanje\\vendor\\laravel\\framework\\src\\Illuminate\\Foundation\\Application.php(1056): Illuminate\\Container\\Container->make()
#16 D:\\Laravel\\Laravel-git\\vezbanje\\vendor\\laravel\\framework\\src\\Illuminate\\Pipeline\\Pipeline.php(198): Illuminate\\Foundation\\Application->make()
#17 D:\\Laravel\\Laravel-git\\vezbanje\\vendor\\laravel\\framework\\src\\Illuminate\\Pipeline\\Pipeline.php(127): Illuminate\\Pipeline\\Pipeline->Illuminate\\Pipeline\\{closure}()
#18 D:\\Laravel\\Laravel-git\\vezbanje\\vendor\\laravel\\framework\\src\\Illuminate\\Routing\\Router.php(807): Illuminate\\Pipeline\\Pipeline->then()
#19 D:\\Laravel\\Laravel-git\\vezbanje\\vendor\\laravel\\framework\\src\\Illuminate\\Routing\\Router.php(786): Illuminate\\Routing\\Router->runRouteWithinStack()
#20 D:\\Laravel\\Laravel-git\\vezbanje\\vendor\\laravel\\framework\\src\\Illuminate\\Routing\\Router.php(750): Illuminate\\Routing\\Router->runRoute()
#21 D:\\Laravel\\Laravel-git\\vezbanje\\vendor\\laravel\\framework\\src\\Illuminate\\Routing\\Router.php(739): Illuminate\\Routing\\Router->dispatchToRoute()
#22 D:\\Laravel\\Laravel-git\\vezbanje\\vendor\\laravel\\framework\\src\\Illuminate\\Foundation\\Http\\Kernel.php(201): Illuminate\\Routing\\Router->dispatch()
#23 D:\\Laravel\\Laravel-git\\vezbanje\\vendor\\laravel\\framework\\src\\Illuminate\\Pipeline\\Pipeline.php(170): Illuminate\\Foundation\\Http\\Kernel->Illuminate\\Foundation\\Http\\{closure}()
#24 D:\\Laravel\\Laravel-git\\vezbanje\\vendor\\laravel\\framework\\src\\Illuminate\\Foundation\\Http\\Middleware\\TransformsRequest.php(21): Illuminate\\Pipeline\\Pipeline->Illuminate\\Pipeline\\{closure}()
#25 D:\\Laravel\\Laravel-git\\vezbanje\\vendor\\laravel\\framework\\src\\Illuminate\\Foundation\\Http\\Middleware\\ConvertEmptyStringsToNull.php(31): Illuminate\\Foundation\\Http\\Middleware\\TransformsRequest->handle()
#26 D:\\Laravel\\Laravel-git\\vezbanje\\vendor\\laravel\\framework\\src\\Illuminate\\Pipeline\\Pipeline.php(209): Illuminate\\Foundation\\Http\\Middleware\\ConvertEmptyStringsToNull->handle()
#27 D:\\Laravel\\Laravel-git\\vezbanje\\vendor\\laravel\\framework\\src\\Illuminate\\Foundation\\Http\\Middleware\\TransformsRequest.php(21): Illuminate\\Pipeline\\Pipeline->Illuminate\\Pipeline\\{closure}()
#28 D:\\Laravel\\Laravel-git\\vezbanje\\vendor\\laravel\\framework\\src\\Illuminate\\Foundation\\Http\\Middleware\\TrimStrings.php(51): Illuminate\\Foundation\\Http\\Middleware\\TransformsRequest->handle()
#29 D:\\Laravel\\Laravel-git\\vezbanje\\vendor\\laravel\\framework\\src\\Illuminate\\Pipeline\\Pipeline.php(209): Illuminate\\Foundation\\Http\\Middleware\\TrimStrings->handle()
#30 D:\\Laravel\\Laravel-git\\vezbanje\\vendor\\laravel\\framework\\src\\Illuminate\\Http\\Middleware\\ValidatePostSize.php(27): Illuminate\\Pipeline\\Pipeline->Illuminate\\Pipeline\\{closure}()
#31 D:\\Laravel\\Laravel-git\\vezbanje\\vendor\\laravel\\framework\\src\\Illuminate\\Pipeline\\Pipeline.php(209): Illuminate\\Http\\Middleware\\ValidatePostSize->handle()
#32 D:\\Laravel\\Laravel-git\\vezbanje\\vendor\\laravel\\framework\\src\\Illuminate\\Foundation\\Http\\Middleware\\PreventRequestsDuringMaintenance.php(110): Illuminate\\Pipeline\\Pipeline->Illuminate\\Pipeline\\{closure}()
#33 D:\\Laravel\\Laravel-git\\vezbanje\\vendor\\laravel\\framework\\src\\Illuminate\\Pipeline\\Pipeline.php(209): Illuminate\\Foundation\\Http\\Middleware\\PreventRequestsDuringMaintenance->handle()
#34 D:\\Laravel\\Laravel-git\\vezbanje\\vendor\\laravel\\framework\\src\\Illuminate\\Http\\Middleware\\HandleCors.php(49): Illuminate\\Pipeline\\Pipeline->Illuminate\\Pipeline\\{closure}()
#35 D:\\Laravel\\Laravel-git\\vezbanje\\vendor\\laravel\\framework\\src\\Illuminate\\Pipeline\\Pipeline.php(209): Illuminate\\Http\\Middleware\\HandleCors->handle()
#36 D:\\Laravel\\Laravel-git\\vezbanje\\vendor\\laravel\\framework\\src\\Illuminate\\Http\\Middleware\\TrustProxies.php(58): Illuminate\\Pipeline\\Pipeline->Illuminate\\Pipeline\\{closure}()
#37 D:\\Laravel\\Laravel-git\\vezbanje\\vendor\\laravel\\framework\\src\\Illuminate\\Pipeline\\Pipeline.php(209): Illuminate\\Http\\Middleware\\TrustProxies->handle()
#38 D:\\Laravel\\Laravel-git\\vezbanje\\vendor\\laravel\\framework\\src\\Illuminate\\Foundation\\Http\\Middleware\\InvokeDeferredCallbacks.php(22): Illuminate\\Pipeline\\Pipeline->Illuminate\\Pipeline\\{closure}()
#39 D:\\Laravel\\Laravel-git\\vezbanje\\vendor\\laravel\\framework\\src\\Illuminate\\Pipeline\\Pipeline.php(209): Illuminate\\Foundation\\Http\\Middleware\\InvokeDeferredCallbacks->handle()
#40 D:\\Laravel\\Laravel-git\\vezbanje\\vendor\\laravel\\framework\\src\\Illuminate\\Pipeline\\Pipeline.php(127): Illuminate\\Pipeline\\Pipeline->Illuminate\\Pipeline\\{closure}()
#41 D:\\Laravel\\Laravel-git\\vezbanje\\vendor\\laravel\\framework\\src\\Illuminate\\Foundation\\Http\\Kernel.php(176): Illuminate\\Pipeline\\Pipeline->then()
#42 D:\\Laravel\\Laravel-git\\vezbanje\\vendor\\laravel\\framework\\src\\Illuminate\\Foundation\\Http\\Kernel.php(145): Illuminate\\Foundation\\Http\\Kernel->sendRequestThroughRouter()
#43 D:\\Laravel\\Laravel-git\\vezbanje\\vendor\\laravel\\framework\\src\\Illuminate\\Foundation\\Application.php(1216): Illuminate\\Foundation\\Http\\Kernel->handle()
#44 D:\\Laravel\\Laravel-git\\vezbanje\\public\\index.php(17): Illuminate\\Foundation\\Application->handleRequest()
#45 D:\\Laravel\\Laravel-git\\vezbanje\\vendor\\laravel\\framework\\src\\Illuminate\\Foundation\\resources\\server.php(23): require_once('...')
#46 {main}
"} 
[2025-02-08 12:49:12] local.ERROR: No application encryption key has been specified. {"exception":"[object] (Illuminate\\Encryption\\MissingAppKeyException(code: 0): No application encryption key has been specified. at D:\\Laravel\\Laravel-git\\vezbanje\\vendor\\laravel\\framework\\src\\Illuminate\\Encryption\\EncryptionServiceProvider.php:83)
[stacktrace]
#0 D:\\Laravel\\Laravel-git\\vezbanje\\vendor\\laravel\\framework\\src\\Illuminate\\Support\\helpers.php(399): Illuminate\\Encryption\\EncryptionServiceProvider->Illuminate\\Encryption\\{closure}()
#1 D:\\Laravel\\Laravel-git\\vezbanje\\vendor\\laravel\\framework\\src\\Illuminate\\Encryption\\EncryptionServiceProvider.php(81): tap()
#2 D:\\Laravel\\Laravel-git\\vezbanje\\vendor\\laravel\\framework\\src\\Illuminate\\Encryption\\EncryptionServiceProvider.php(64): Illuminate\\Encryption\\EncryptionServiceProvider->key()
#3 D:\\Laravel\\Laravel-git\\vezbanje\\vendor\\laravel\\framework\\src\\Illuminate\\Encryption\\EncryptionServiceProvider.php(32): Illuminate\\Encryption\\EncryptionServiceProvider->parseKey()
#4 D:\\Laravel\\Laravel-git\\vezbanje\\vendor\\laravel\\framework\\src\\Illuminate\\Container\\Container.php(937): Illuminate\\Encryption\\EncryptionServiceProvider->Illuminate\\Encryption\\{closure}()
#5 D:\\Laravel\\Laravel-git\\vezbanje\\vendor\\laravel\\framework\\src\\Illuminate\\Container\\Container.php(819): Illuminate\\Container\\Container->build()
#6 D:\\Laravel\\Laravel-git\\vezbanje\\vendor\\laravel\\framework\\src\\Illuminate\\Foundation\\Application.php(1074): Illuminate\\Container\\Container->resolve()
#7 D:\\Laravel\\Laravel-git\\vezbanje\\vendor\\laravel\\framework\\src\\Illuminate\\Container\\Container.php(755): Illuminate\\Foundation\\Application->resolve()
#8 D:\\Laravel\\Laravel-git\\vezbanje\\vendor\\laravel\\framework\\src\\Illuminate\\Foundation\\Application.php(1056): Illuminate\\Container\\Container->make()
#9 D:\\Laravel\\Laravel-git\\vezbanje\\vendor\\laravel\\framework\\src\\Illuminate\\Container\\Container.php(1118): Illuminate\\Foundation\\Application->make()
#10 D:\\Laravel\\Laravel-git\\vezbanje\\vendor\\laravel\\framework\\src\\Illuminate\\Container\\Container.php(1028): Illuminate\\Container\\Container->resolveClass()
#11 D:\\Laravel\\Laravel-git\\vezbanje\\vendor\\laravel\\framework\\src\\Illuminate\\Container\\Container.php(979): Illuminate\\Container\\Container->resolveDependencies()
#12 D:\\Laravel\\Laravel-git\\vezbanje\\vendor\\laravel\\framework\\src\\Illuminate\\Container\\Container.php(819): Illuminate\\Container\\Container->build()
#13 D:\\Laravel\\Laravel-git\\vezbanje\\vendor\\laravel\\framework\\src\\Illuminate\\Foundation\\Application.php(1074): Illuminate\\Container\\Container->resolve()
#14 D:\\Laravel\\Laravel-git\\vezbanje\\vendor\\laravel\\framework\\src\\Illuminate\\Container\\Container.php(755): Illuminate\\Foundation\\Application->resolve()
#15 D:\\Laravel\\Laravel-git\\vezbanje\\vendor\\laravel\\framework\\src\\Illuminate\\Foundation\\Application.php(1056): Illuminate\\Container\\Container->make()
#16 D:\\Laravel\\Laravel-git\\vezbanje\\vendor\\laravel\\framework\\src\\Illuminate\\Foundation\\Http\\Kernel.php(258): Illuminate\\Foundation\\Application->make()
#17 D:\\Laravel\\Laravel-git\\vezbanje\\vendor\\laravel\\framework\\src\\Illuminate\\Foundation\\Http\\Kernel.php(216): Illuminate\\Foundation\\Http\\Kernel->terminateMiddleware()
#18 D:\\Laravel\\Laravel-git\\vezbanje\\vendor\\laravel\\framework\\src\\Illuminate\\Foundation\\Application.php(1218): Illuminate\\Foundation\\Http\\Kernel->terminate()
#19 D:\\Laravel\\Laravel-git\\vezbanje\\public\\index.php(17): Illuminate\\Foundation\\Application->handleRequest()
#20 D:\\Laravel\\Laravel-git\\vezbanje\\vendor\\laravel\\framework\\src\\Illuminate\\Foundation\\resources\\server.php(23): require_once('...')
#21 {main}
"} 
